<?xml version="1.0" encoding="UTF-8"?>
<!-- Generated by org.testng.reporters.JUnitXMLReporter -->
<testsuite ignored="13" hostname="devwks10" failures="0" tests="1" name="Default test" time="4.355" errors="0" timestamp="2024-04-01T17:07:20 IST">
  <testcase classname="login_Module.Based_class" name="@BeforeTest SetAllStiff" time="4.057">
    <failure type="java.lang.NullPointerException" message="Cannot invoke &amp;quot;String.replaceAll(String, String)&amp;quot; because &amp;quot;x&amp;quot; is null">
      <![CDATA[java.lang.NullPointerException: Cannot invoke "String.replaceAll(String, String)" because "x" is null
at com.aventstack.extentreports.ExtentTest.lambda$assignAuthor$1(ExtentTest.java:1066)
at java.base/java.util.Spliterators$ArraySpliterator.forEachRemaining(Spliterators.java:992)
at java.base/java.util.stream.ReferencePipeline$Head.forEach(ReferencePipeline.java:762)
at com.aventstack.extentreports.ExtentTest.assignAuthor(ExtentTest.java:1065)
at login_Module.Based_class.SetAllStiff(Based_class.java:89)
at java.base/jdk.internal.reflect.DirectMethodHandleAccessor.invoke(DirectMethodHandleAccessor.java:104)
at java.base/java.lang.reflect.Method.invoke(Method.java:577)
at org.testng.internal.invokers.MethodInvocationHelper.invokeMethod(MethodInvocationHelper.java:139)
at org.testng.internal.invokers.MethodInvocationHelper.invokeMethodConsideringTimeout(MethodInvocationHelper.java:69)
at org.testng.internal.invokers.ConfigInvoker.invokeConfigurationMethod(ConfigInvoker.java:390)
at org.testng.internal.invokers.ConfigInvoker.invokeConfigurations(ConfigInvoker.java:325)
at org.testng.TestRunner.invokeTestConfigurations(TestRunner.java:663)
at org.testng.TestRunner.beforeRun(TestRunner.java:652)
at org.testng.TestRunner.run(TestRunner.java:614)
at org.testng.SuiteRunner.runTest(SuiteRunner.java:443)
at org.testng.SuiteRunner.runSequentially(SuiteRunner.java:437)
at org.testng.SuiteRunner.privateRun(SuiteRunner.java:397)
at org.testng.SuiteRunner.run(SuiteRunner.java:336)
at org.testng.SuiteRunnerWorker.runSuite(SuiteRunnerWorker.java:52)
at org.testng.SuiteRunnerWorker.run(SuiteRunnerWorker.java:95)
at org.testng.TestNG.runSuitesSequentially(TestNG.java:1280)
at org.testng.TestNG.runSuitesLocally(TestNG.java:1200)
at org.testng.TestNG.runSuites(TestNG.java:1114)
at org.testng.TestNG.run(TestNG.java:1082)
at org.testng.remote.AbstractRemoteTestNG.run(AbstractRemoteTestNG.java:115)
at org.testng.remote.RemoteTestNG.initAndRun(RemoteTestNG.java:251)
at org.testng.remote.RemoteTestNG.main(RemoteTestNG.java:77)
]]>
    </failure>
  </testcase> <!-- @BeforeTest SetAllStiff -->
  <testcase classname="login_Module.Based_class" name="@BeforeMethod launchbrowser" time="0.0">
    <skipped/>
  </testcase> <!-- @BeforeMethod launchbrowser -->
  <testcase classname="login_Module.Based_class" name="@AfterMethod close" time="0.0">
    <skipped/>
  </testcase> <!-- @AfterMethod close -->
  <testcase classname="login_Module.Based_class" name="@AfterTest qiut" time="0.0">
    <skipped/>
  </testcase> <!-- @AfterTest qiut -->
  <testcase classname="login_Module.Login_UI" name="logincheckafterclosethe_Browser" time="0.001">
    <skipped/>
  </testcase> <!-- logincheckafterclosethe_Browser -->
  <testcase classname="login_Module.Login_UI" name="BrowserBack" time="0.0">
    <ignored/>
  </testcase> <!-- BrowserBack -->
  <testcase classname="login_Module.Login_UI" name="login_InvalidUsername_InvalidPwd" time="0.0">
    <ignored/>
  </testcase> <!-- login_InvalidUsername_InvalidPwd -->
  <testcase classname="login_Module.Login_UI" name="checkmouseCursorOnUsername" time="0.0">
    <ignored/>
  </testcase> <!-- checkmouseCursorOnUsername -->
  <testcase classname="login_Module.Login_UI" name="LogoutBrowserback" time="0.0">
    <ignored/>
  </testcase> <!-- LogoutBrowserback -->
  <testcase classname="login_Module.Login_UI" name="NoFarms_User" time="0.0">
    <ignored/>
  </testcase> <!-- NoFarms_User -->
  <testcase classname="login_Module.Login_UI" name="loginValidUserName_Validpwd" time="0.0">
    <ignored/>
  </testcase> <!-- loginValidUserName_Validpwd -->
  <testcase classname="login_Module.Login_UI" name="login_InvalidUserName_ValidPwd" time="0.0">
    <ignored/>
  </testcase> <!-- login_InvalidUserName_ValidPwd -->
  <testcase classname="login_Module.Login_UI" name="Sign_Details" time="0.0">
    <ignored/>
  </testcase> <!-- Sign_Details -->
  <testcase classname="login_Module.Login_UI" name="AquasStrideLogo" time="0.0">
    <ignored/>
  </testcase> <!-- AquasStrideLogo -->
  <testcase classname="login_Module.Login_UI" name="login_Blankcreadites" time="0.0">
    <ignored/>
  </testcase> <!-- login_Blankcreadites -->
  <testcase classname="login_Module.Login_UI" name="loginValidUserName_InValidPwd" time="0.0">
    <ignored/>
  </testcase> <!-- loginValidUserName_InValidPwd -->
  <testcase classname="login_Module.Login_UI" name="Farmhave_user" time="0.0">
    <ignored/>
  </testcase> <!-- Farmhave_user -->
  <testcase classname="login_Module.Login_UI" name="TabFunctionalitytoLogin" time="0.0">
    <ignored/>
  </testcase> <!-- TabFunctionalitytoLogin -->
</testsuite> <!-- Default test -->
