<?xml version="1.0" encoding="UTF-8"?>
<!-- Generated by org.testng.reporters.JUnitXMLReporter -->
<testsuite ignored="13" hostname="devwks10" failures="1" tests="1" name="LoginTest" time="33.571" errors="0" timestamp="2024-04-01T17:24:22 IST">
  <testcase classname="login_Module.Login_UI" name="logincheckafterclosethe_Browser" time="19.844">
    <failure type="org.openqa.selenium.NoSuchSessionException" message="invalid session id
Build info: version: &amp;apos;4.11.0&amp;apos;, revision: &amp;apos;040bc5406b&amp;apos;
System info: os.name: &amp;apos;Windows 10&amp;apos;, os.arch: &amp;apos;amd64&amp;apos;, os.version: &amp;apos;10.0&amp;apos;, java.version: &amp;apos;18.0.2.1&amp;apos;
Driver info: org.openqa.selenium.chrome.ChromeDriver
Command: [395e04fbd30d63120fb6d64b87817406, findElement {using=xpath, value=//a[@class=&amp;apos;dropdown-toggle nav-link text-muted waves-effect waves-dark pro-pic img-line-height&amp;apos;]}]
Capabilities {acceptInsecureCerts: false, browserName: chrome, browserVersion: 123.0.6312.86, chrome: {chromedriverVersion: 123.0.6312.86 (9b72c47a0536..., userDataDir: C:\Users\ramkumar.k\AppData...}, fedcm:accounts: true, goog:chromeOptions: {debuggerAddress: localhost:58749}, networkConnectionEnabled: false, pageLoadStrategy: normal, platformName: windows, proxy: Proxy(), se:cdp: ws://localhost:58749/devtoo..., se:cdpVersion: 123.0.6312.86, setWindowRect: true, strictFileInteractability: false, timeouts: {implicit: 0, pageLoad: 300000, script: 30000}, unhandledPromptBehavior: dismiss and notify, webauthn:extension:credBlob: true, webauthn:extension:largeBlob: true, webauthn:extension:minPinLength: true, webauthn:extension:prf: true, webauthn:virtualAuthenticators: true}
Session ID: 395e04fbd30d63120fb6d64b87817406">
      <![CDATA[org.openqa.selenium.NoSuchSessionException: invalid session id
Build info: version: '4.11.0', revision: '040bc5406b'
System info: os.name: 'Windows 10', os.arch: 'amd64', os.version: '10.0', java.version: '18.0.2.1'
Driver info: org.openqa.selenium.chrome.ChromeDriver
Command: [395e04fbd30d63120fb6d64b87817406, findElement {using=xpath, value=//a[@class='dropdown-toggle nav-link text-muted waves-effect waves-dark pro-pic img-line-height']}]
Capabilities {acceptInsecureCerts: false, browserName: chrome, browserVersion: 123.0.6312.86, chrome: {chromedriverVersion: 123.0.6312.86 (9b72c47a0536..., userDataDir: C:\Users\ramkumar.k\AppData...}, fedcm:accounts: true, goog:chromeOptions: {debuggerAddress: localhost:58749}, networkConnectionEnabled: false, pageLoadStrategy: normal, platformName: windows, proxy: Proxy(), se:cdp: ws://localhost:58749/devtoo..., se:cdpVersion: 123.0.6312.86, setWindowRect: true, strictFileInteractability: false, timeouts: {implicit: 0, pageLoad: 300000, script: 30000}, unhandledPromptBehavior: dismiss and notify, webauthn:extension:credBlob: true, webauthn:extension:largeBlob: true, webauthn:extension:minPinLength: true, webauthn:extension:prf: true, webauthn:virtualAuthenticators: true}
Session ID: 395e04fbd30d63120fb6d64b87817406
at org.openqa.selenium.remote.codec.w3c.W3CHttpResponseCodec.createException(W3CHttpResponseCodec.java:200)
at org.openqa.selenium.remote.codec.w3c.W3CHttpResponseCodec.decode(W3CHttpResponseCodec.java:133)
at org.openqa.selenium.remote.codec.w3c.W3CHttpResponseCodec.decode(W3CHttpResponseCodec.java:52)
at org.openqa.selenium.remote.HttpCommandExecutor.execute(HttpCommandExecutor.java:191)
at org.openqa.selenium.remote.service.DriverCommandExecutor.invokeExecute(DriverCommandExecutor.java:196)
at org.openqa.selenium.remote.service.DriverCommandExecutor.execute(DriverCommandExecutor.java:171)
at org.openqa.selenium.remote.RemoteWebDriver.execute(RemoteWebDriver.java:518)
at org.openqa.selenium.remote.ElementLocation$ElementFinder$2.findElement(ElementLocation.java:165)
at org.openqa.selenium.remote.ElementLocation.findElement(ElementLocation.java:59)
at org.openqa.selenium.remote.RemoteWebDriver.findElement(RemoteWebDriver.java:355)
at org.openqa.selenium.remote.RemoteWebDriver.findElement(RemoteWebDriver.java:349)
at org.openqa.selenium.support.pagefactory.DefaultElementLocator.findElement(DefaultElementLocator.java:68)
at org.openqa.selenium.support.pagefactory.internal.LocatingElementHandler.invoke(LocatingElementHandler.java:38)
at jdk.proxy2/jdk.proxy2.$Proxy30.isDisplayed(Unknown Source)
at org.openqa.selenium.support.ui.ExpectedConditions.elementIfVisible(ExpectedConditions.java:304)
at org.openqa.selenium.support.ui.ExpectedConditions.access$000(ExpectedConditions.java:37)
at org.openqa.selenium.support.ui.ExpectedConditions$10.apply(ExpectedConditions.java:290)
at org.openqa.selenium.support.ui.ExpectedConditions$10.apply(ExpectedConditions.java:287)
at org.openqa.selenium.support.ui.FluentWait.until(FluentWait.java:205)
at login_Module.Login_UI.logincheckafterclosethe_Browser(Login_UI.java:250)
at java.base/java.util.ArrayList.forEach(ArrayList.java:1511)
... Removed 28 stack frames]]>
    </failure>
  </testcase> <!-- logincheckafterclosethe_Browser -->
  <testcase classname="login_Module.Login_UI" name="NoFarms_User" time="0.0">
    <ignored/>
  </testcase> <!-- NoFarms_User -->
  <testcase classname="login_Module.Login_UI" name="TabFunctionalitytoLogin" time="0.0">
    <ignored/>
  </testcase> <!-- TabFunctionalitytoLogin -->
  <testcase classname="login_Module.Login_UI" name="login_Blankcreadites" time="0.0">
    <ignored/>
  </testcase> <!-- login_Blankcreadites -->
  <testcase classname="login_Module.Login_UI" name="checkmouseCursorOnUsername" time="0.0">
    <ignored/>
  </testcase> <!-- checkmouseCursorOnUsername -->
  <testcase classname="login_Module.Login_UI" name="loginValidUserName_Validpwd" time="0.0">
    <ignored/>
  </testcase> <!-- loginValidUserName_Validpwd -->
  <testcase classname="login_Module.Login_UI" name="login_InvalidUsername_InvalidPwd" time="0.0">
    <ignored/>
  </testcase> <!-- login_InvalidUsername_InvalidPwd -->
  <testcase classname="login_Module.Login_UI" name="AquasStrideLogo" time="0.0">
    <ignored/>
  </testcase> <!-- AquasStrideLogo -->
  <testcase classname="login_Module.Login_UI" name="Farmhave_user" time="0.0">
    <ignored/>
  </testcase> <!-- Farmhave_user -->
  <testcase classname="login_Module.Login_UI" name="login_InvalidUserName_ValidPwd" time="0.0">
    <ignored/>
  </testcase> <!-- login_InvalidUserName_ValidPwd -->
  <testcase classname="login_Module.Login_UI" name="loginValidUserName_InValidPwd" time="0.0">
    <ignored/>
  </testcase> <!-- loginValidUserName_InValidPwd -->
  <testcase classname="login_Module.Login_UI" name="BrowserBack" time="0.0">
    <ignored/>
  </testcase> <!-- BrowserBack -->
  <testcase classname="login_Module.Login_UI" name="LogoutBrowserback" time="0.0">
    <ignored/>
  </testcase> <!-- LogoutBrowserback -->
  <testcase classname="login_Module.Login_UI" name="Sign_Details" time="0.0">
    <ignored/>
  </testcase> <!-- Sign_Details -->
</testsuite> <!-- LoginTest -->
