{"uuid":"7fab6636-287c-4ddf-8572-ce884c79f077","historyId":"ec07ca071f90ebc9f581173191b70839","fullName":"login_Module.Login_UI.Sign_Details","labels":[{"name":"package","value":"login_Module.Login_UI"},{"name":"testClass","value":"login_Module.Login_UI"},{"name":"testMethod","value":"Sign_Details"},{"name":"parentSuite","value":"Suite"},{"name":"suite","value":"LoginTest"},{"name":"subSuite","value":"login_Module.Login_UI"},{"name":"host","value":"devwks10"},{"name":"thread","value":"17052@devwks10.main(1)"},{"name":"framework","value":"testng"},{"name":"language","value":"java"}],"links":[],"name":"Sign_Details","status":"skipped","statusDetails":{"known":false,"muted":false,"flaky":false,"message":"Unable to obtain: Capabilities {browserName: chrome, goog:chromeOptions: {args: [--remote-allow-origins=*], extensions: []}}, error Command failed with code: 65, executed: [C:\\Users\\ramkumar.k\\AppData\\Local\\Temp\\selenium-manager12479514289705005985058306980209922\\selenium-manager.exe, --browser, chrome, --output, json]\nerror sending request for url (https://googlechromelabs.github.io/chrome-for-testing/known-good-versions-with-downloads.json): error trying to connect: dns error: No such host is known. (os error 11001)\nBuild info: version: '4.11.0', revision: '040bc5406b'\nSystem info: os.name: 'Windows 10', os.arch: 'amd64', os.version: '10.0', java.version: '18.0.2.1'\nDriver info: driver.version: ChromeDriver","trace":"org.openqa.selenium.remote.NoSuchDriverException: Unable to obtain: Capabilities {browserName: chrome, goog:chromeOptions: {args: [--remote-allow-origins=*], extensions: []}}, error Command failed with code: 65, executed: [C:\\Users\\ramkumar.k\\AppData\\Local\\Temp\\selenium-manager12479514289705005985058306980209922\\selenium-manager.exe, --browser, chrome, --output, json]\nerror sending request for url (https://googlechromelabs.github.io/chrome-for-testing/known-good-versions-with-downloads.json): error trying to connect: dns error: No such host is known. (os error 11001)\nBuild info: version: '4.11.0', revision: '040bc5406b'\nSystem info: os.name: 'Windows 10', os.arch: 'amd64', os.version: '10.0', java.version: '18.0.2.1'\nDriver info: driver.version: ChromeDriver\r\n\tat org.openqa.selenium.remote.service.DriverFinder.getPath(DriverFinder.java:25)\r\n\tat org.openqa.selenium.remote.service.DriverFinder.getPath(DriverFinder.java:13)\r\n\tat org.openqa.selenium.chrome.ChromeDriver.generateExecutor(ChromeDriver.java:99)\r\n\tat org.openqa.selenium.chrome.ChromeDriver.<init>(ChromeDriver.java:88)\r\n\tat org.openqa.selenium.chrome.ChromeDriver.<init>(ChromeDriver.java:83)\r\n\tat org.openqa.selenium.chrome.ChromeDriver.<init>(ChromeDriver.java:51)\r\n\tat login_Module.Based_class.SetAllStiff(Based_class.java:73)\r\n\tat java.base/jdk.internal.reflect.DirectMethodHandleAccessor.invoke(DirectMethodHandleAccessor.java:104)\r\n\tat java.base/java.lang.reflect.Method.invoke(Method.java:577)\r\n\tat org.testng.internal.invokers.MethodInvocationHelper.invokeMethod(MethodInvocationHelper.java:139)\r\n\tat org.testng.internal.invokers.MethodInvocationHelper.invokeMethodConsideringTimeout(MethodInvocationHelper.java:69)\r\n\tat org.testng.internal.invokers.ConfigInvoker.invokeConfigurationMethod(ConfigInvoker.java:390)\r\n\tat org.testng.internal.invokers.ConfigInvoker.invokeConfigurations(ConfigInvoker.java:325)\r\n\tat org.testng.TestRunner.invokeTestConfigurations(TestRunner.java:663)\r\n\tat org.testng.TestRunner.beforeRun(TestRunner.java:652)\r\n\tat org.testng.TestRunner.run(TestRunner.java:614)\r\n\tat org.testng.SuiteRunner.runTest(SuiteRunner.java:443)\r\n\tat org.testng.SuiteRunner.runSequentially(SuiteRunner.java:437)\r\n\tat org.testng.SuiteRunner.privateRun(SuiteRunner.java:397)\r\n\tat org.testng.SuiteRunner.run(SuiteRunner.java:336)\r\n\tat org.testng.SuiteRunnerWorker.runSuite(SuiteRunnerWorker.java:52)\r\n\tat org.testng.SuiteRunnerWorker.run(SuiteRunnerWorker.java:95)\r\n\tat org.testng.TestNG.runSuitesSequentially(TestNG.java:1280)\r\n\tat org.testng.TestNG.runSuitesLocally(TestNG.java:1200)\r\n\tat org.testng.TestNG.runSuites(TestNG.java:1114)\r\n\tat org.testng.TestNG.run(TestNG.java:1082)\r\n\tat org.apache.maven.surefire.testng.TestNGExecutor.run(TestNGExecutor.java:284)\r\n\tat org.apache.maven.surefire.testng.TestNGXmlTestSuite.execute(TestNGXmlTestSuite.java:75)\r\n\tat org.apache.maven.surefire.testng.TestNGProvider.invoke(TestNGProvider.java:119)\r\n\tat org.apache.maven.surefire.booter.ForkedBooter.runSuitesInProcess(ForkedBooter.java:428)\r\n\tat org.apache.maven.surefire.booter.ForkedBooter.execute(ForkedBooter.java:162)\r\n\tat org.apache.maven.surefire.booter.ForkedBooter.run(ForkedBooter.java:562)\r\n\tat org.apache.maven.surefire.booter.ForkedBooter.main(ForkedBooter.java:548)\r\nCaused by: org.openqa.selenium.WebDriverException: Command failed with code: 65, executed: [C:\\Users\\ramkumar.k\\AppData\\Local\\Temp\\selenium-manager12479514289705005985058306980209922\\selenium-manager.exe, --browser, chrome, --output, json]\nerror sending request for url (https://googlechromelabs.github.io/chrome-for-testing/known-good-versions-with-downloads.json): error trying to connect: dns error: No such host is known. (os error 11001)\nBuild info: version: '4.11.0', revision: '040bc5406b'\nSystem info: os.name: 'Windows 10', os.arch: 'amd64', os.version: '10.0', java.version: '18.0.2.1'\nDriver info: driver.version: ChromeDriver\r\n\tat org.openqa.selenium.manager.SeleniumManager.runCommand(SeleniumManager.java:151)\r\n\tat org.openqa.selenium.manager.SeleniumManager.getDriverPath(SeleniumManager.java:273)\r\n\tat org.openqa.selenium.remote.service.DriverFinder.getPath(DriverFinder.java:22)\r\n\t... 32 more\r\n"},"stage":"finished","steps":[],"attachments":[],"parameters":[{"name":"browserName","value":"chrome"},{"name":"author","value":"Ramkumar"}],"start":1711610837219,"stop":1711610837222}