<!DOCTYPE html>

<html>
  <head>
  <meta charset='utf-8'>
  <title>TestNG reports</title>

    <link type="text/css" href="testng-reports1.css" rel="stylesheet" id="ultra" />
    <link type="text/css" href="testng-reports.css" rel="stylesheet" id="retro" disabled="false"/>
    <script type="text/javascript" src="jquery-3.6.0.min.js"></script>
    <script type="text/javascript" src="testng-reports.js"></script>
    <script type="text/javascript" src="https://www.google.com/jsapi"></script>
    <script type='text/javascript'>
      google.load('visualization', '1', {packages:['table']});
      google.setOnLoadCallback(drawTable);
      var suiteTableInitFunctions = new Array();
      var suiteTableData = new Array();
    </script>
    <!--
      <script type="text/javascript" src="jquery-ui/js/jquery-ui-1.8.16.custom.min.js"></script>
     -->
  </head>

  <body>    <div class="top-banner-root">
      <span class="top-banner-title-font">Test results</span>
      <button id="button" class="button">Switch Retro Theme</button> <!-- button -->
      <br/>
      <span class="top-banner-font-1">1 suite, 4 failed tests</span>
    </div> <!-- top-banner-root -->
    <div class="navigator-root">
      <div class="navigator-suite-header">
        <span>All suites</span>
        <a href="#" title="Collapse/expand all the suites" class="collapse-all-link">
          <img src="collapseall.gif" class="collapse-all-icon">
          </img> <!-- collapse-all-icon -->
        </a> <!-- collapse-all-link -->
      </div> <!-- navigator-suite-header -->
      <div class="suite">
        <div class="rounded-window">
          <div class="suite-header light-rounded-window-top">
            <a href="#" panel-name="suite-Suite" class="navigator-link">
              <span class="suite-name border-failed">Suite</span>
            </a> <!-- navigator-link -->
          </div> <!-- suite-header light-rounded-window-top -->
          <div class="navigator-suite-content">
            <div class="suite-section-title">
              <span>Info</span>
            </div> <!-- suite-section-title -->
            <div class="suite-section-content">
              <ul>
                <li>
                  <a href="#" panel-name="test-xml-Suite" class="navigator-link ">
                    <span>D:\selenium folder krk\WvliteUserapplication\logintest.xml</span>
                  </a> <!-- navigator-link  -->
                </li>
                <li>
                  <a href="#" panel-name="testlist-Suite" class="navigator-link ">
                    <span class="test-stats">1 test</span>
                  </a> <!-- navigator-link  -->
                </li>
                <li>
                  <a href="#" panel-name="group-Suite" class="navigator-link ">
                    <span>0 groups</span>
                  </a> <!-- navigator-link  -->
                </li>
                <li>
                  <a href="#" panel-name="times-Suite" class="navigator-link ">
                    <span>Times</span>
                  </a> <!-- navigator-link  -->
                </li>
                <li>
                  <a href="#" panel-name="reporter-Suite" class="navigator-link ">
                    <span>Reporter output</span>
                  </a> <!-- navigator-link  -->
                </li>
                <li>
                  <a href="#" panel-name="ignored-methods-Suite" class="navigator-link ">
                    <span>Ignored methods</span>
                  </a> <!-- navigator-link  -->
                </li>
                <li>
                  <a href="#" panel-name="chronological-Suite" class="navigator-link ">
                    <span>Chronological view</span>
                  </a> <!-- navigator-link  -->
                </li>
              </ul>
            </div> <!-- suite-section-content -->
            <div class="result-section">
              <div class="suite-section-title">
                <span>Results</span>
              </div> <!-- suite-section-title -->
              <div class="suite-section-content">
                <ul>
                  <li>
                    <span class="method-stats">14 methods, 4 failed,   10 passed</span>
                  </li>
                  <li>
                    <span class="method-list-title failed">Failed methods</span>
                    <span class="show-or-hide-methods failed">
                      <a href="#" panel-name="suite-Suite" class="hide-methods failed suite-Suite"> (hide)</a> <!-- hide-methods failed suite-Suite -->
                      <a href="#" panel-name="suite-Suite" class="show-methods failed suite-Suite"> (show)</a> <!-- show-methods failed suite-Suite -->
                    </span>
                    <div class="method-list-content failed suite-Suite">
                      <span>
                        <img src="failed.png" width="3%"/>
                        <a href="#" panel-name="suite-Suite" title="login_Module.Login_UI" class="method navigator-link" hash-for-method="Farmhave_user">Farmhave_user</a> <!-- method navigator-link -->
                      </span>
                      <br/>
                      <span>
                        <img src="failed.png" width="3%"/>
                        <a href="#" panel-name="suite-Suite" title="login_Module.Login_UI" class="method navigator-link" hash-for-method="NoFarms_User">NoFarms_User</a> <!-- method navigator-link -->
                      </span>
                      <br/>
                      <span>
                        <img src="failed.png" width="3%"/>
                        <a href="#" panel-name="suite-Suite" title="login_Module.Login_UI" class="method navigator-link" hash-for-method="TabFunctionalitytoLogin">TabFunctionalitytoLogin</a> <!-- method navigator-link -->
                      </span>
                      <br/>
                      <span>
                        <img src="failed.png" width="3%"/>
                        <a href="#" panel-name="suite-Suite" title="login_Module.Login_UI" class="method navigator-link" hash-for-method="logincheckafterclosethe_Browser">logincheckafterclosethe_Browser</a> <!-- method navigator-link -->
                      </span>
                      <br/>
                    </div> <!-- method-list-content failed suite-Suite -->
                  </li>
                  <li>
                    <span class="method-list-title passed">Passed methods</span>
                    <span class="show-or-hide-methods passed">
                      <a href="#" panel-name="suite-Suite" class="hide-methods passed suite-Suite"> (hide)</a> <!-- hide-methods passed suite-Suite -->
                      <a href="#" panel-name="suite-Suite" class="show-methods passed suite-Suite"> (show)</a> <!-- show-methods passed suite-Suite -->
                    </span>
                    <div class="method-list-content passed suite-Suite">
                      <span>
                        <img src="passed.png" width="3%"/>
                        <a href="#" panel-name="suite-Suite" title="login_Module.Login_UI" class="method navigator-link" hash-for-method="AquasStrideLogo">AquasStrideLogo</a> <!-- method navigator-link -->
                      </span>
                      <br/>
                      <span>
                        <img src="passed.png" width="3%"/>
                        <a href="#" panel-name="suite-Suite" title="login_Module.Login_UI" class="method navigator-link" hash-for-method="BrowserBack">BrowserBack</a> <!-- method navigator-link -->
                      </span>
                      <br/>
                      <span>
                        <img src="passed.png" width="3%"/>
                        <a href="#" panel-name="suite-Suite" title="login_Module.Login_UI" class="method navigator-link" hash-for-method="LogoutBrowserback">LogoutBrowserback</a> <!-- method navigator-link -->
                      </span>
                      <br/>
                      <span>
                        <img src="passed.png" width="3%"/>
                        <a href="#" panel-name="suite-Suite" title="login_Module.Login_UI" class="method navigator-link" hash-for-method="Sign_Details">Sign_Details</a> <!-- method navigator-link -->
                      </span>
                      <br/>
                      <span>
                        <img src="passed.png" width="3%"/>
                        <a href="#" panel-name="suite-Suite" title="login_Module.Login_UI" class="method navigator-link" hash-for-method="checkmouseCursorOnUsername">checkmouseCursorOnUsername</a> <!-- method navigator-link -->
                      </span>
                      <br/>
                      <span>
                        <img src="passed.png" width="3%"/>
                        <a href="#" panel-name="suite-Suite" title="login_Module.Login_UI" class="method navigator-link" hash-for-method="loginValidUserName_InValidPwd">loginValidUserName_InValidPwd</a> <!-- method navigator-link -->
                      </span>
                      <br/>
                      <span>
                        <img src="passed.png" width="3%"/>
                        <a href="#" panel-name="suite-Suite" title="login_Module.Login_UI" class="method navigator-link" hash-for-method="loginValidUserName_Validpwd">loginValidUserName_Validpwd</a> <!-- method navigator-link -->
                      </span>
                      <br/>
                      <span>
                        <img src="passed.png" width="3%"/>
                        <a href="#" panel-name="suite-Suite" title="login_Module.Login_UI" class="method navigator-link" hash-for-method="login_Blankcreadites">login_Blankcreadites</a> <!-- method navigator-link -->
                      </span>
                      <br/>
                      <span>
                        <img src="passed.png" width="3%"/>
                        <a href="#" panel-name="suite-Suite" title="login_Module.Login_UI" class="method navigator-link" hash-for-method="login_InvalidUserName_ValidPwd">login_InvalidUserName_ValidPwd</a> <!-- method navigator-link -->
                      </span>
                      <br/>
                      <span>
                        <img src="passed.png" width="3%"/>
                        <a href="#" panel-name="suite-Suite" title="login_Module.Login_UI" class="method navigator-link" hash-for-method="login_InvalidUsername_InvalidPwd">login_InvalidUsername_InvalidPwd</a> <!-- method navigator-link -->
                      </span>
                      <br/>
                    </div> <!-- method-list-content passed suite-Suite -->
                  </li>
                </ul>
              </div> <!-- suite-section-content -->
            </div> <!-- result-section -->
          </div> <!-- navigator-suite-content -->
        </div> <!-- rounded-window -->
      </div> <!-- suite -->
    </div> <!-- navigator-root -->
    <div class="wrapper">
      <div class="main-panel-root">
        <div panel-name="suite-Suite" class="panel Suite">
          <div class="suite-Suite-class-failed">
            <div class="main-panel-header rounded-window-top">
              <img src="failed.png"/>
              <span class="class-name">login_Module.Login_UI</span>
            </div> <!-- main-panel-header rounded-window-top -->
            <div class="main-panel-content rounded-window-bottom">
              <div class="method">
                <div class="method-content">
                  <a name="Farmhave_user">
                  </a> <!-- Farmhave_user -->
                  <span class="method-name">Farmhave_user</span>
                  <div class="stack-trace">org.openqa.selenium.NoSuchElementException: no such element: Unable to locate element: {&quot;method&quot;:&quot;xpath&quot;,&quot;selector&quot;:&quot;//div[@id=&apos;navbarSupportedContent&apos;]/app-navigation/ul[2]/li/a&quot;}
  (Session info: chrome=123.0.6312.86)
For documentation on this error, please visit: https://www.selenium.dev/documentation/webdriver/troubleshooting/errors#no-such-element-exception
Build info: version: &apos;4.11.0&apos;, revision: &apos;040bc5406b&apos;
System info: os.name: &apos;Windows 10&apos;, os.arch: &apos;amd64&apos;, os.version: &apos;10.0&apos;, java.version: &apos;18.0.2.1&apos;
Driver info: org.openqa.selenium.chrome.ChromeDriver
Command: [c97083cb25d6398ea27c6d72c5b2663a, findElement {using=xpath, value=//div[@id=&apos;navbarSupportedContent&apos;]/app-navigation/ul[2]/li/a}]
Capabilities {acceptInsecureCerts: false, browserName: chrome, browserVersion: 123.0.6312.86, chrome: {chromedriverVersion: 123.0.6312.86 (9b72c47a0536..., userDataDir: C:\Users\ramkumar.k\AppData...}, fedcm:accounts: true, goog:chromeOptions: {debuggerAddress: localhost:61999}, networkConnectionEnabled: false, pageLoadStrategy: normal, platformName: windows, proxy: Proxy(), se:cdp: ws://localhost:61999/devtoo..., se:cdpVersion: 123.0.6312.86, setWindowRect: true, strictFileInteractability: false, timeouts: {implicit: 0, pageLoad: 300000, script: 30000}, unhandledPromptBehavior: dismiss and notify, webauthn:extension:credBlob: true, webauthn:extension:largeBlob: true, webauthn:extension:minPinLength: true, webauthn:extension:prf: true, webauthn:virtualAuthenticators: true}
Session ID: c97083cb25d6398ea27c6d72c5b2663a
	at org.openqa.selenium.remote.codec.w3c.W3CHttpResponseCodec.createException(W3CHttpResponseCodec.java:200)
	at org.openqa.selenium.remote.codec.w3c.W3CHttpResponseCodec.decode(W3CHttpResponseCodec.java:133)
	at org.openqa.selenium.remote.codec.w3c.W3CHttpResponseCodec.decode(W3CHttpResponseCodec.java:52)
	at org.openqa.selenium.remote.HttpCommandExecutor.execute(HttpCommandExecutor.java:191)
	at org.openqa.selenium.remote.service.DriverCommandExecutor.invokeExecute(DriverCommandExecutor.java:196)
	at org.openqa.selenium.remote.service.DriverCommandExecutor.execute(DriverCommandExecutor.java:171)
	at org.openqa.selenium.remote.RemoteWebDriver.execute(RemoteWebDriver.java:518)
	at org.openqa.selenium.remote.ElementLocation$ElementFinder$2.findElement(ElementLocation.java:165)
	at org.openqa.selenium.remote.ElementLocation.findElement(ElementLocation.java:59)
	at org.openqa.selenium.remote.RemoteWebDriver.findElement(RemoteWebDriver.java:355)
	at org.openqa.selenium.remote.RemoteWebDriver.findElement(RemoteWebDriver.java:349)
	at login_Module.Login_UI.Farmhave_user(Login_UI.java:285)
	at java.base/java.util.ArrayList.forEach(ArrayList.java:1511)
... Removed 32 stack frames
</div> <!-- stack-trace -->
                </div> <!-- method-content -->
              </div> <!-- method -->
              <div class="method">
                <div class="method-content">
                  <a name="NoFarms_User">
                  </a> <!-- NoFarms_User -->
                  <span class="method-name">NoFarms_User</span>
                  <div class="stack-trace">org.openqa.selenium.NoSuchElementException: no such element: Unable to locate element: {&quot;method&quot;:&quot;xpath&quot;,&quot;selector&quot;:&quot;//div[@id=&apos;navbarSupportedContent&apos;]/app-navigation/ul[2]/li/a&quot;}
  (Session info: chrome=123.0.6312.86)
For documentation on this error, please visit: https://www.selenium.dev/documentation/webdriver/troubleshooting/errors#no-such-element-exception
Build info: version: &apos;4.11.0&apos;, revision: &apos;040bc5406b&apos;
System info: os.name: &apos;Windows 10&apos;, os.arch: &apos;amd64&apos;, os.version: &apos;10.0&apos;, java.version: &apos;18.0.2.1&apos;
Driver info: org.openqa.selenium.chrome.ChromeDriver
Command: [3a24f5d0278969c4f4ae7a9d9c6e4304, findElement {using=xpath, value=//div[@id=&apos;navbarSupportedContent&apos;]/app-navigation/ul[2]/li/a}]
Capabilities {acceptInsecureCerts: false, browserName: chrome, browserVersion: 123.0.6312.86, chrome: {chromedriverVersion: 123.0.6312.86 (9b72c47a0536..., userDataDir: C:\Users\ramkumar.k\AppData...}, fedcm:accounts: true, goog:chromeOptions: {debuggerAddress: localhost:61967}, networkConnectionEnabled: false, pageLoadStrategy: normal, platformName: windows, proxy: Proxy(), se:cdp: ws://localhost:61967/devtoo..., se:cdpVersion: 123.0.6312.86, setWindowRect: true, strictFileInteractability: false, timeouts: {implicit: 0, pageLoad: 300000, script: 30000}, unhandledPromptBehavior: dismiss and notify, webauthn:extension:credBlob: true, webauthn:extension:largeBlob: true, webauthn:extension:minPinLength: true, webauthn:extension:prf: true, webauthn:virtualAuthenticators: true}
Session ID: 3a24f5d0278969c4f4ae7a9d9c6e4304
	at org.openqa.selenium.remote.codec.w3c.W3CHttpResponseCodec.createException(W3CHttpResponseCodec.java:200)
	at org.openqa.selenium.remote.codec.w3c.W3CHttpResponseCodec.decode(W3CHttpResponseCodec.java:133)
	at org.openqa.selenium.remote.codec.w3c.W3CHttpResponseCodec.decode(W3CHttpResponseCodec.java:52)
	at org.openqa.selenium.remote.HttpCommandExecutor.execute(HttpCommandExecutor.java:191)
	at org.openqa.selenium.remote.service.DriverCommandExecutor.invokeExecute(DriverCommandExecutor.java:196)
	at org.openqa.selenium.remote.service.DriverCommandExecutor.execute(DriverCommandExecutor.java:171)
	at org.openqa.selenium.remote.RemoteWebDriver.execute(RemoteWebDriver.java:518)
	at org.openqa.selenium.remote.ElementLocation$ElementFinder$2.findElement(ElementLocation.java:165)
	at org.openqa.selenium.remote.ElementLocation.findElement(ElementLocation.java:59)
	at org.openqa.selenium.remote.RemoteWebDriver.findElement(RemoteWebDriver.java:355)
	at org.openqa.selenium.remote.RemoteWebDriver.findElement(RemoteWebDriver.java:349)
	at login_Module.Login_UI.NoFarms_User(Login_UI.java:268)
	at java.base/java.util.ArrayList.forEach(ArrayList.java:1511)
... Removed 32 stack frames
</div> <!-- stack-trace -->
                </div> <!-- method-content -->
              </div> <!-- method -->
              <div class="method">
                <div class="method-content">
                  <a name="TabFunctionalitytoLogin">
                  </a> <!-- TabFunctionalitytoLogin -->
                  <span class="method-name">TabFunctionalitytoLogin</span>
                  <div class="stack-trace">org.openqa.selenium.TimeoutException: Expected condition failed: waiting for visibility of [[ChromeDriver: chrome on windows (5f48c9d579a94a8f66d28bafb762da8c)] -&gt; xpath: //div[@id=&apos;navbarSupportedContent&apos;]/app-navigation/ul[2]/li/a] (tried for 10 second(s) with 500 milliseconds interval)
	at org.openqa.selenium.support.ui.WebDriverWait.timeoutException(WebDriverWait.java:84)
	at org.openqa.selenium.support.ui.FluentWait.until(FluentWait.java:230)
	at login_Module.Login_UI.TabFunctionalitytoLogin(Login_UI.java:67)
	at java.base/java.util.ArrayList.forEach(ArrayList.java:1511)
Caused by: org.openqa.selenium.NoSuchElementException: no such element: Unable to locate element: {&quot;method&quot;:&quot;xpath&quot;,&quot;selector&quot;:&quot;//div[@id=&apos;navbarSupportedContent&apos;]/app-navigation/ul[2]/li/a&quot;}
  (Session info: chrome=123.0.6312.86)
For documentation on this error, please visit: https://www.selenium.dev/documentation/webdriver/troubleshooting/errors#no-such-element-exception
Build info: version: &apos;4.11.0&apos;, revision: &apos;040bc5406b&apos;
System info: os.name: &apos;Windows 10&apos;, os.arch: &apos;amd64&apos;, os.version: &apos;10.0&apos;, java.version: &apos;18.0.2.1&apos;
Driver info: org.openqa.selenium.chrome.ChromeDriver
Command: [5f48c9d579a94a8f66d28bafb762da8c, findElement {using=xpath, value=//div[@id=&apos;navbarSupportedContent&apos;]/app-navigation/ul[2]/li/a}]
Capabilities {acceptInsecureCerts: false, browserName: chrome, browserVersion: 123.0.6312.86, chrome: {chromedriverVersion: 123.0.6312.86 (9b72c47a0536..., userDataDir: C:\Users\ramkumar.k\AppData...}, fedcm:accounts: true, goog:chromeOptions: {debuggerAddress: localhost:61463}, networkConnectionEnabled: false, pageLoadStrategy: normal, platformName: windows, proxy: Proxy(), se:cdp: ws://localhost:61463/devtoo..., se:cdpVersion: 123.0.6312.86, setWindowRect: true, strictFileInteractability: false, timeouts: {implicit: 0, pageLoad: 300000, script: 30000}, unhandledPromptBehavior: dismiss and notify, webauthn:extension:credBlob: true, webauthn:extension:largeBlob: true, webauthn:extension:minPinLength: true, webauthn:extension:prf: true, webauthn:virtualAuthenticators: true}
Session ID: 5f48c9d579a94a8f66d28bafb762da8c
	at org.openqa.selenium.remote.codec.w3c.W3CHttpResponseCodec.createException(W3CHttpResponseCodec.java:200)
	at org.openqa.selenium.remote.codec.w3c.W3CHttpResponseCodec.decode(W3CHttpResponseCodec.java:133)
	at org.openqa.selenium.remote.codec.w3c.W3CHttpResponseCodec.decode(W3CHttpResponseCodec.java:52)
	at org.openqa.selenium.remote.HttpCommandExecutor.execute(HttpCommandExecutor.java:191)
	at org.openqa.selenium.remote.service.DriverCommandExecutor.invokeExecute(DriverCommandExecutor.java:196)
	at org.openqa.selenium.remote.service.DriverCommandExecutor.execute(DriverCommandExecutor.java:171)
	at org.openqa.selenium.remote.RemoteWebDriver.execute(RemoteWebDriver.java:518)
	at org.openqa.selenium.remote.ElementLocation$ElementFinder$2.findElement(ElementLocation.java:165)
	at org.openqa.selenium.remote.ElementLocation.findElement(ElementLocation.java:59)
	at org.openqa.selenium.remote.RemoteWebDriver.findElement(RemoteWebDriver.java:355)
	at org.openqa.selenium.remote.RemoteWebDriver.findElement(RemoteWebDriver.java:349)
	at org.openqa.selenium.support.pagefactory.DefaultElementLocator.findElement(DefaultElementLocator.java:68)
	at org.openqa.selenium.support.pagefactory.internal.LocatingElementHandler.invoke(LocatingElementHandler.java:38)
	at jdk.proxy2/jdk.proxy2.$Proxy27.isDisplayed(Unknown Source)
	at org.openqa.selenium.support.ui.ExpectedConditions.elementIfVisible(ExpectedConditions.java:304)
	at org.openqa.selenium.support.ui.ExpectedConditions.access$000(ExpectedConditions.java:37)
	at org.openqa.selenium.support.ui.ExpectedConditions$10.apply(ExpectedConditions.java:290)
	at org.openqa.selenium.support.ui.ExpectedConditions$10.apply(ExpectedConditions.java:287)
	at org.openqa.selenium.support.ui.FluentWait.until(FluentWait.java:205)
	... 31 more
... Removed 32 stack frames
</div> <!-- stack-trace -->
                </div> <!-- method-content -->
              </div> <!-- method -->
              <div class="method">
                <div class="method-content">
                  <a name="logincheckafterclosethe_Browser">
                  </a> <!-- logincheckafterclosethe_Browser -->
                  <span class="method-name">logincheckafterclosethe_Browser</span>
                  <div class="stack-trace">org.openqa.selenium.NoSuchSessionException: invalid session id
Build info: version: &apos;4.11.0&apos;, revision: &apos;040bc5406b&apos;
System info: os.name: &apos;Windows 10&apos;, os.arch: &apos;amd64&apos;, os.version: &apos;10.0&apos;, java.version: &apos;18.0.2.1&apos;
Driver info: org.openqa.selenium.chrome.ChromeDriver
Command: [9078db3238afb6dfc86bf3bd2c55015e, findElement {using=xpath, value=//a[@class=&apos;dropdown-toggle nav-link text-muted waves-effect waves-dark pro-pic img-line-height&apos;]}]
Capabilities {acceptInsecureCerts: false, browserName: chrome, browserVersion: 123.0.6312.86, chrome: {chromedriverVersion: 123.0.6312.86 (9b72c47a0536..., userDataDir: C:\Users\ramkumar.k\AppData...}, fedcm:accounts: true, goog:chromeOptions: {debuggerAddress: localhost:61893}, networkConnectionEnabled: false, pageLoadStrategy: normal, platformName: windows, proxy: Proxy(), se:cdp: ws://localhost:61893/devtoo..., se:cdpVersion: 123.0.6312.86, setWindowRect: true, strictFileInteractability: false, timeouts: {implicit: 0, pageLoad: 300000, script: 30000}, unhandledPromptBehavior: dismiss and notify, webauthn:extension:credBlob: true, webauthn:extension:largeBlob: true, webauthn:extension:minPinLength: true, webauthn:extension:prf: true, webauthn:virtualAuthenticators: true}
Session ID: 9078db3238afb6dfc86bf3bd2c55015e
	at org.openqa.selenium.remote.codec.w3c.W3CHttpResponseCodec.createException(W3CHttpResponseCodec.java:200)
	at org.openqa.selenium.remote.codec.w3c.W3CHttpResponseCodec.decode(W3CHttpResponseCodec.java:133)
	at org.openqa.selenium.remote.codec.w3c.W3CHttpResponseCodec.decode(W3CHttpResponseCodec.java:52)
	at org.openqa.selenium.remote.HttpCommandExecutor.execute(HttpCommandExecutor.java:191)
	at org.openqa.selenium.remote.service.DriverCommandExecutor.invokeExecute(DriverCommandExecutor.java:196)
	at org.openqa.selenium.remote.service.DriverCommandExecutor.execute(DriverCommandExecutor.java:171)
	at org.openqa.selenium.remote.RemoteWebDriver.execute(RemoteWebDriver.java:518)
	at org.openqa.selenium.remote.ElementLocation$ElementFinder$2.findElement(ElementLocation.java:165)
	at org.openqa.selenium.remote.ElementLocation.findElement(ElementLocation.java:59)
	at org.openqa.selenium.remote.RemoteWebDriver.findElement(RemoteWebDriver.java:355)
	at org.openqa.selenium.remote.RemoteWebDriver.findElement(RemoteWebDriver.java:349)
	at org.openqa.selenium.support.pagefactory.DefaultElementLocator.findElement(DefaultElementLocator.java:68)
	at org.openqa.selenium.support.pagefactory.internal.LocatingElementHandler.invoke(LocatingElementHandler.java:38)
	at jdk.proxy2/jdk.proxy2.$Proxy27.isDisplayed(Unknown Source)
	at org.openqa.selenium.support.ui.ExpectedConditions.elementIfVisible(ExpectedConditions.java:304)
	at org.openqa.selenium.support.ui.ExpectedConditions.access$000(ExpectedConditions.java:37)
	at org.openqa.selenium.support.ui.ExpectedConditions$10.apply(ExpectedConditions.java:290)
	at org.openqa.selenium.support.ui.ExpectedConditions$10.apply(ExpectedConditions.java:287)
	at org.openqa.selenium.support.ui.FluentWait.until(FluentWait.java:205)
	at login_Module.Login_UI.logincheckafterclosethe_Browser(Login_UI.java:250)
	at java.base/java.util.ArrayList.forEach(ArrayList.java:1511)
... Removed 32 stack frames
</div> <!-- stack-trace -->
                </div> <!-- method-content -->
              </div> <!-- method -->
            </div> <!-- main-panel-content rounded-window-bottom -->
          </div> <!-- suite-Suite-class-failed -->
          <div class="suite-Suite-class-passed">
            <div class="main-panel-header rounded-window-top">
              <img src="passed.png"/>
              <span class="class-name">login_Module.Login_UI</span>
            </div> <!-- main-panel-header rounded-window-top -->
            <div class="main-panel-content rounded-window-bottom">
              <div class="method">
                <div class="method-content">
                  <a name="AquasStrideLogo">
                  </a> <!-- AquasStrideLogo -->
                  <span class="method-name">AquasStrideLogo</span>
                </div> <!-- method-content -->
              </div> <!-- method -->
              <div class="method">
                <div class="method-content">
                  <a name="BrowserBack">
                  </a> <!-- BrowserBack -->
                  <span class="method-name">BrowserBack</span>
                </div> <!-- method-content -->
              </div> <!-- method -->
              <div class="method">
                <div class="method-content">
                  <a name="LogoutBrowserback">
                  </a> <!-- LogoutBrowserback -->
                  <span class="method-name">LogoutBrowserback</span>
                </div> <!-- method-content -->
              </div> <!-- method -->
              <div class="method">
                <div class="method-content">
                  <a name="Sign_Details">
                  </a> <!-- Sign_Details -->
                  <span class="method-name">Sign_Details</span>
                </div> <!-- method-content -->
              </div> <!-- method -->
              <div class="method">
                <div class="method-content">
                  <a name="checkmouseCursorOnUsername">
                  </a> <!-- checkmouseCursorOnUsername -->
                  <span class="method-name">checkmouseCursorOnUsername</span>
                </div> <!-- method-content -->
              </div> <!-- method -->
              <div class="method">
                <div class="method-content">
                  <a name="loginValidUserName_InValidPwd">
                  </a> <!-- loginValidUserName_InValidPwd -->
                  <span class="method-name">loginValidUserName_InValidPwd</span>
                </div> <!-- method-content -->
              </div> <!-- method -->
              <div class="method">
                <div class="method-content">
                  <a name="loginValidUserName_Validpwd">
                  </a> <!-- loginValidUserName_Validpwd -->
                  <span class="method-name">loginValidUserName_Validpwd</span>
                </div> <!-- method-content -->
              </div> <!-- method -->
              <div class="method">
                <div class="method-content">
                  <a name="login_Blankcreadites">
                  </a> <!-- login_Blankcreadites -->
                  <span class="method-name">login_Blankcreadites</span>
                </div> <!-- method-content -->
              </div> <!-- method -->
              <div class="method">
                <div class="method-content">
                  <a name="login_InvalidUserName_ValidPwd">
                  </a> <!-- login_InvalidUserName_ValidPwd -->
                  <span class="method-name">login_InvalidUserName_ValidPwd</span>
                </div> <!-- method-content -->
              </div> <!-- method -->
              <div class="method">
                <div class="method-content">
                  <a name="login_InvalidUsername_InvalidPwd">
                  </a> <!-- login_InvalidUsername_InvalidPwd -->
                  <span class="method-name">login_InvalidUsername_InvalidPwd</span>
                </div> <!-- method-content -->
              </div> <!-- method -->
            </div> <!-- main-panel-content rounded-window-bottom -->
          </div> <!-- suite-Suite-class-passed -->
        </div> <!-- panel Suite -->
        <div panel-name="test-xml-Suite" class="panel">
          <div class="main-panel-header rounded-window-top">
            <span class="header-content">D:\selenium folder krk\WvliteUserapplication\logintest.xml</span>
          </div> <!-- main-panel-header rounded-window-top -->
          <div class="main-panel-content rounded-window-bottom">
            <pre>
&lt;?xml version=&quot;1.0&quot; encoding=&quot;UTF-8&quot;?&gt;
&lt;!DOCTYPE suite SYSTEM &quot;https://testng.org/testng-1.0.dtd&quot;&gt;
&lt;suite name=&quot;Suite&quot; guice-stage=&quot;DEVELOPMENT&quot; verbose=&quot;0&quot;&gt;
  &lt;test thread-count=&quot;5&quot; name=&quot;LoginTest&quot; verbose=&quot;0&quot;&gt;
    &lt;parameter name=&quot;author&quot; value=&quot;Ramkumar&quot;/&gt;
    &lt;parameter name=&quot;browserName&quot; value=&quot;chrome&quot;/&gt;
    &lt;classes&gt;
      &lt;class name=&quot;login_Module.Login_UI&quot;/&gt;
    &lt;/classes&gt;
  &lt;/test&gt; &lt;!-- LoginTest --&gt;
&lt;/suite&gt; &lt;!-- Suite --&gt;
            </pre>
          </div> <!-- main-panel-content rounded-window-bottom -->
        </div> <!-- panel -->
        <div panel-name="testlist-Suite" class="panel">
          <div class="main-panel-header rounded-window-top">
            <span class="header-content">Tests for Suite</span>
          </div> <!-- main-panel-header rounded-window-top -->
          <div class="main-panel-content rounded-window-bottom">
            <ul>
              <li>
                <span class="test-name">LoginTest (1 class)</span>
              </li>
            </ul>
          </div> <!-- main-panel-content rounded-window-bottom -->
        </div> <!-- panel -->
        <div panel-name="group-Suite" class="panel">
          <div class="main-panel-header rounded-window-top">
            <span class="header-content">Groups for Suite</span>
          </div> <!-- main-panel-header rounded-window-top -->
          <div class="main-panel-content rounded-window-bottom">
          </div> <!-- main-panel-content rounded-window-bottom -->
        </div> <!-- panel -->
        <div panel-name="times-Suite" class="panel">
          <div class="main-panel-header rounded-window-top">
            <span class="header-content">Times for Suite</span>
          </div> <!-- main-panel-header rounded-window-top -->
          <div class="main-panel-content rounded-window-bottom">
            <div class="times-div">
              <script type="text/javascript">
suiteTableInitFunctions.push('tableData_Suite');
function tableData_Suite() {
var data = new google.visualization.DataTable();
data.addColumn('number', 'Number');
data.addColumn('string', 'Method');
data.addColumn('string', 'Class');
data.addColumn('number', 'Time (ms)');
data.addRows(14);
data.setCell(0, 0, 0)
data.setCell(0, 1, 'LogoutBrowserback')
data.setCell(0, 2, 'login_Module.Login_UI')
data.setCell(0, 3, 36639);
data.setCell(1, 0, 1)
data.setCell(1, 1, 'logincheckafterclosethe_Browser')
data.setCell(1, 2, 'login_Module.Login_UI')
data.setCell(1, 3, 20486);
data.setCell(2, 0, 2)
data.setCell(2, 1, 'TabFunctionalitytoLogin')
data.setCell(2, 2, 'login_Module.Login_UI')
data.setCell(2, 3, 13723);
data.setCell(3, 0, 3)
data.setCell(3, 1, 'BrowserBack')
data.setCell(3, 2, 'login_Module.Login_UI')
data.setCell(3, 3, 11936);
data.setCell(4, 0, 4)
data.setCell(4, 1, 'Farmhave_user')
data.setCell(4, 2, 'login_Module.Login_UI')
data.setCell(4, 3, 10830);
data.setCell(5, 0, 5)
data.setCell(5, 1, 'NoFarms_User')
data.setCell(5, 2, 'login_Module.Login_UI')
data.setCell(5, 3, 10757);
data.setCell(6, 0, 6)
data.setCell(6, 1, 'loginValidUserName_Validpwd')
data.setCell(6, 2, 'login_Module.Login_UI')
data.setCell(6, 3, 6271);
data.setCell(7, 0, 7)
data.setCell(7, 1, 'login_InvalidUserName_ValidPwd')
data.setCell(7, 2, 'login_Module.Login_UI')
data.setCell(7, 3, 1599);
data.setCell(8, 0, 8)
data.setCell(8, 1, 'login_Blankcreadites')
data.setCell(8, 2, 'login_Module.Login_UI')
data.setCell(8, 3, 829);
data.setCell(9, 0, 9)
data.setCell(9, 1, 'loginValidUserName_InValidPwd')
data.setCell(9, 2, 'login_Module.Login_UI')
data.setCell(9, 3, 760);
data.setCell(10, 0, 10)
data.setCell(10, 1, 'login_InvalidUsername_InvalidPwd')
data.setCell(10, 2, 'login_Module.Login_UI')
data.setCell(10, 3, 752);
data.setCell(11, 0, 11)
data.setCell(11, 1, 'Sign_Details')
data.setCell(11, 2, 'login_Module.Login_UI')
data.setCell(11, 3, 509);
data.setCell(12, 0, 12)
data.setCell(12, 1, 'AquasStrideLogo')
data.setCell(12, 2, 'login_Module.Login_UI')
data.setCell(12, 3, 458);
data.setCell(13, 0, 13)
data.setCell(13, 1, 'checkmouseCursorOnUsername')
data.setCell(13, 2, 'login_Module.Login_UI')
data.setCell(13, 3, 330);
window.suiteTableData['Suite']= { tableData: data, tableDiv: 'times-div-Suite'}
return data;
}
              </script>
              <span class="suite-total-time">Total running time: 1 minutes</span>
              <div id="times-div-Suite">
              </div> <!-- times-div-Suite -->
            </div> <!-- times-div -->
          </div> <!-- main-panel-content rounded-window-bottom -->
        </div> <!-- panel -->
        <div panel-name="reporter-Suite" class="panel">
          <div class="main-panel-header rounded-window-top">
            <span class="header-content">Reporter output for Suite</span>
          </div> <!-- main-panel-header rounded-window-top -->
          <div class="main-panel-content rounded-window-bottom">
          </div> <!-- main-panel-content rounded-window-bottom -->
        </div> <!-- panel -->
        <div panel-name="ignored-methods-Suite" class="panel">
          <div class="main-panel-header rounded-window-top">
            <span class="header-content">0 ignored methods</span>
          </div> <!-- main-panel-header rounded-window-top -->
          <div class="main-panel-content rounded-window-bottom">
          </div> <!-- main-panel-content rounded-window-bottom -->
        </div> <!-- panel -->
        <div panel-name="chronological-Suite" class="panel">
          <div class="main-panel-header rounded-window-top">
            <span class="header-content">Methods in chronological order</span>
          </div> <!-- main-panel-header rounded-window-top -->
          <div class="main-panel-content rounded-window-bottom">
            <div class="chronological-class">
              <div class="chronological-class-name">login_Module.Login_UI</div> <!-- chronological-class-name -->
              <div class="configuration-suite before">
                <span class="method-name">setup</span>
                <span class="method-start">0 ms</span>
              </div> <!-- configuration-suite before -->
              <div class="configuration-test before">
                <span class="method-name">SetAllStiff(org.testng.TestRunner@14b96c1e, chrome)</span>
                <span class="method-start">324 ms</span>
              </div> <!-- configuration-test before -->
              <div class="configuration-method before">
                <span class="method-name">launchbrowser</span>
                <span class="method-start">5117 ms</span>
              </div> <!-- configuration-method before -->
              <div class="test-method">
                <span class="method-name">AquasStrideLogo</span>
                <span class="method-start">14383 ms</span>
              </div> <!-- test-method -->
              <div class="configuration-method after">
                <span class="method-name">close(public void login_Module.Login_UI.AquasStrideLogo(), [TestResult name=AquasStrideLogo status=SUCCESS...)</span>
                <span class="method-start">14861 ms</span>
              </div> <!-- configuration-method after -->
              <div class="configuration-method before">
                <span class="method-name">launchbrowser</span>
                <span class="method-start">15183 ms</span>
              </div> <!-- configuration-method before -->
              <div class="test-method">
                <span class="method-name">Sign_Details</span>
                <span class="method-start">21171 ms</span>
              </div> <!-- test-method -->
              <div class="configuration-method after">
                <span class="method-name">close(public void login_Module.Login_UI.Sign_Details(), [TestResult name=Sign_Details status=SUCCESS metho...)</span>
                <span class="method-start">21682 ms</span>
              </div> <!-- configuration-method after -->
              <div class="configuration-method before">
                <span class="method-name">launchbrowser</span>
                <span class="method-start">21850 ms</span>
              </div> <!-- configuration-method before -->
              <div class="test-method">
                <span class="method-name">checkmouseCursorOnUsername</span>
                <span class="method-start">27925 ms</span>
              </div> <!-- test-method -->
              <div class="configuration-method after">
                <span class="method-name">close(public void login_Module.Login_UI.checkmouseCursorOnUsername(), [TestResult name=checkmouseCursorOnU...)</span>
                <span class="method-start">28256 ms</span>
              </div> <!-- configuration-method after -->
              <div class="configuration-method before">
                <span class="method-name">launchbrowser</span>
                <span class="method-start">28423 ms</span>
              </div> <!-- configuration-method before -->
              <div class="test-method">
                <img src="failed.png">
                </img>
                <span class="method-name">TabFunctionalitytoLogin</span>
                <span class="method-start">34713 ms</span>
              </div> <!-- test-method -->
              <div class="configuration-method after">
                <span class="method-name">close(public void login_Module.Login_UI.TabFunctionalitytoLogin() throws java.lang.Exception, [TestResult ...)</span>
                <span class="method-start">49021 ms</span>
              </div> <!-- configuration-method after -->
              <div class="configuration-method before">
                <span class="method-name">launchbrowser</span>
                <span class="method-start">50644 ms</span>
              </div> <!-- configuration-method before -->
              <div class="test-method">
                <span class="method-name">loginValidUserName_Validpwd</span>
                <span class="method-start">59426 ms</span>
              </div> <!-- test-method -->
              <div class="configuration-method after">
                <span class="method-name">close(public void login_Module.Login_UI.loginValidUserName_Validpwd(), [TestResult name=loginValidUserName...)</span>
                <span class="method-start">65699 ms</span>
              </div> <!-- configuration-method after -->
              <div class="configuration-method before">
                <span class="method-name">launchbrowser</span>
                <span class="method-start">66066 ms</span>
              </div> <!-- configuration-method before -->
              <div class="test-method">
                <span class="method-name">loginValidUserName_InValidPwd</span>
                <span class="method-start">75490 ms</span>
              </div> <!-- test-method -->
              <div class="configuration-method after">
                <span class="method-name">close(public void login_Module.Login_UI.loginValidUserName_InValidPwd(), [TestResult name=loginValidUserNa...)</span>
                <span class="method-start">76252 ms</span>
              </div> <!-- configuration-method after -->
              <div class="configuration-method before">
                <span class="method-name">launchbrowser</span>
                <span class="method-start">76517 ms</span>
              </div> <!-- configuration-method before -->
              <div class="test-method">
                <span class="method-name">login_InvalidUserName_ValidPwd</span>
                <span class="method-start">82438 ms</span>
              </div> <!-- test-method -->
              <div class="configuration-method after">
                <span class="method-name">close(public void login_Module.Login_UI.login_InvalidUserName_ValidPwd(), [TestResult name=login_InvalidUs...)</span>
                <span class="method-start">84039 ms</span>
              </div> <!-- configuration-method after -->
              <div class="configuration-method before">
                <span class="method-name">launchbrowser</span>
                <span class="method-start">84136 ms</span>
              </div> <!-- configuration-method before -->
              <div class="test-method">
                <span class="method-name">login_InvalidUsername_InvalidPwd</span>
                <span class="method-start">89722 ms</span>
              </div> <!-- test-method -->
              <div class="configuration-method after">
                <span class="method-name">close(public void login_Module.Login_UI.login_InvalidUsername_InvalidPwd(), [TestResult name=login_Invalid...)</span>
                <span class="method-start">90485 ms</span>
              </div> <!-- configuration-method after -->
              <div class="configuration-method before">
                <span class="method-name">launchbrowser</span>
                <span class="method-start">90626 ms</span>
              </div> <!-- configuration-method before -->
              <div class="test-method">
                <span class="method-name">login_Blankcreadites</span>
                <span class="method-start">96137 ms</span>
              </div> <!-- test-method -->
              <div class="configuration-method after">
                <span class="method-name">close(public void login_Module.Login_UI.login_Blankcreadites(), [TestResult name=login_Blankcreadites stat...)</span>
                <span class="method-start">96968 ms</span>
              </div> <!-- configuration-method after -->
              <div class="configuration-method before">
                <span class="method-name">launchbrowser</span>
                <span class="method-start">97570 ms</span>
              </div> <!-- configuration-method before -->
              <div class="test-method">
                <span class="method-name">BrowserBack</span>
                <span class="method-start">103389 ms</span>
              </div> <!-- test-method -->
              <div class="configuration-method after">
                <span class="method-name">close(public void login_Module.Login_UI.BrowserBack(), [TestResult name=BrowserBack status=SUCCESS method=...)</span>
                <span class="method-start">115371 ms</span>
              </div> <!-- configuration-method after -->
              <div class="configuration-method before">
                <span class="method-name">launchbrowser</span>
                <span class="method-start">115603 ms</span>
              </div> <!-- configuration-method before -->
              <div class="test-method">
                <span class="method-name">LogoutBrowserback</span>
                <span class="method-start">122316 ms</span>
              </div> <!-- test-method -->
              <div class="configuration-method after">
                <span class="method-name">close(public void login_Module.Login_UI.LogoutBrowserback() throws java.lang.InterruptedException, [TestRe...)</span>
                <span class="method-start">158957 ms</span>
              </div> <!-- configuration-method after -->
              <div class="configuration-method before">
                <span class="method-name">launchbrowser</span>
                <span class="method-start">158980 ms</span>
              </div> <!-- configuration-method before -->
              <div class="test-method">
                <img src="failed.png">
                </img>
                <span class="method-name">logincheckafterclosethe_Browser</span>
                <span class="method-start">166986 ms</span>
              </div> <!-- test-method -->
              <div class="configuration-method after">
                <span class="method-name">close(public void login_Module.Login_UI.logincheckafterclosethe_Browser() throws java.lang.InterruptedExce...)</span>
                <span class="method-start">187849 ms</span>
              </div> <!-- configuration-method after -->
              <div class="configuration-method before">
                <span class="method-name">launchbrowser</span>
                <span class="method-start">188158 ms</span>
              </div> <!-- configuration-method before -->
              <div class="test-method">
                <img src="failed.png">
                </img>
                <span class="method-name">NoFarms_User</span>
                <span class="method-start">194287 ms</span>
              </div> <!-- test-method -->
              <div class="configuration-method after">
                <span class="method-name">close(public void login_Module.Login_UI.NoFarms_User(), [TestResult name=NoFarms_User status=FAILURE metho...)</span>
                <span class="method-start">205278 ms</span>
              </div> <!-- configuration-method after -->
              <div class="configuration-method before">
                <span class="method-name">launchbrowser</span>
                <span class="method-start">206343 ms</span>
              </div> <!-- configuration-method before -->
              <div class="test-method">
                <img src="failed.png">
                </img>
                <span class="method-name">Farmhave_user</span>
                <span class="method-start">212917 ms</span>
              </div> <!-- test-method -->
              <div class="configuration-method after">
                <span class="method-name">close(public void login_Module.Login_UI.Farmhave_user(), [TestResult name=Farmhave_user status=FAILURE met...)</span>
                <span class="method-start">224055 ms</span>
              </div> <!-- configuration-method after -->
              <div class="configuration-test after">
                <span class="method-name">qiut</span>
                <span class="method-start">224611 ms</span>
              </div> <!-- configuration-test after -->
              <div class="configuration-suite after">
                <span class="method-name">GenerateExtentReports</span>
                <span class="method-start">224698 ms</span>
              </div> <!-- configuration-suite after -->
          </div> <!-- main-panel-content rounded-window-bottom -->
        </div> <!-- panel -->
      </div> <!-- main-panel-root -->
    </div> <!-- wrapper -->
  </body>
<script type="text/javascript" src="testng-reports2.js"></script>
</html>
