<?xml version="1.0" encoding="UTF-8"?>
<testng-results ignored="0" total="14" passed="10" failed="4" skipped="0">
  <reporter-output>
  </reporter-output>
  <suite started-at="2024-04-02T12:22:23 IST" name="Suite" finished-at="2024-04-02T12:26:07 IST" duration-ms="224301">
    <groups>
    </groups>
    <test started-at="2024-04-02T12:22:23 IST" name="LoginTest" finished-at="2024-04-02T12:26:07 IST" duration-ms="224301">
      <class name="login_Module.Login_UI">
        <test-method is-config="true" signature="setup()[pri:0, instance:login_Module.Login_UI@5e2c3d18]" started-at="2024-04-02T12:22:23 IST" name="setup" finished-at="2024-04-02T12:22:23 IST" duration-ms="307" status="PASS">
          <reporter-output>
          </reporter-output>
        </test-method> <!-- setup -->
        <test-method is-config="true" signature="SetAllStiff(org.testng.ITestContext,java.lang.String)[pri:0, instance:login_Module.Login_UI@5e2c3d18]" started-at="2024-04-02T12:22:23 IST" name="SetAllStiff" finished-at="2024-04-02T12:22:28 IST" duration-ms="4762" status="PASS">
          <params>
            <param index="0">
              <value>
                <![CDATA[org.testng.TestRunner@14b96c1e]]>
              </value>
            </param>
            <param index="1">
              <value>
                <![CDATA[chrome]]>
              </value>
            </param>
          </params>
          <reporter-output>
          </reporter-output>
        </test-method> <!-- SetAllStiff -->
        <test-method is-config="true" signature="launchbrowser()[pri:0, instance:login_Module.Login_UI@5e2c3d18]" started-at="2024-04-02T12:22:28 IST" name="launchbrowser" finished-at="2024-04-02T12:22:37 IST" duration-ms="9179" status="PASS">
          <reporter-output>
          </reporter-output>
        </test-method> <!-- launchbrowser -->
        <test-method signature="AquasStrideLogo()[pri:1, instance:login_Module.Login_UI@5e2c3d18]" started-at="2024-04-02T12:22:37 IST" name="AquasStrideLogo" finished-at="2024-04-02T12:22:37 IST" duration-ms="458" status="PASS">
          <reporter-output>
          </reporter-output>
        </test-method> <!-- AquasStrideLogo -->
        <test-method is-config="true" signature="close(java.lang.reflect.Method,org.testng.ITestResult)[pri:0, instance:login_Module.Login_UI@5e2c3d18]" started-at="2024-04-02T12:22:37 IST" name="close" finished-at="2024-04-02T12:22:38 IST" duration-ms="317" status="PASS">
          <params>
            <param index="0">
              <value>
                <![CDATA[public void login_Module.Login_UI.AquasStrideLogo()]]>
              </value>
            </param>
            <param index="1">
              <value>
                <![CDATA[[TestResult name=AquasStrideLogo status=SUCCESS method=Login_UI.AquasStrideLogo()[pri:1, instance:login_Module.Login_UI@5e2c3d18] output={null}]]]>
              </value>
            </param>
          </params>
          <reporter-output>
          </reporter-output>
        </test-method> <!-- close -->
        <test-method is-config="true" signature="launchbrowser()[pri:0, instance:login_Module.Login_UI@5e2c3d18]" started-at="2024-04-02T12:22:38 IST" name="launchbrowser" finished-at="2024-04-02T12:22:44 IST" duration-ms="5986" status="PASS">
          <reporter-output>
          </reporter-output>
        </test-method> <!-- launchbrowser -->
        <test-method signature="Sign_Details()[pri:2, instance:login_Module.Login_UI@5e2c3d18]" started-at="2024-04-02T12:22:44 IST" name="Sign_Details" finished-at="2024-04-02T12:22:44 IST" duration-ms="509" status="PASS">
          <reporter-output>
          </reporter-output>
        </test-method> <!-- Sign_Details -->
        <test-method is-config="true" signature="close(java.lang.reflect.Method,org.testng.ITestResult)[pri:0, instance:login_Module.Login_UI@5e2c3d18]" started-at="2024-04-02T12:22:44 IST" name="close" finished-at="2024-04-02T12:22:44 IST" duration-ms="162" status="PASS">
          <params>
            <param index="0">
              <value>
                <![CDATA[public void login_Module.Login_UI.Sign_Details()]]>
              </value>
            </param>
            <param index="1">
              <value>
                <![CDATA[[TestResult name=Sign_Details status=SUCCESS method=Login_UI.Sign_Details()[pri:2, instance:login_Module.Login_UI@5e2c3d18] output={null}]]]>
              </value>
            </param>
          </params>
          <reporter-output>
          </reporter-output>
        </test-method> <!-- close -->
        <test-method is-config="true" signature="launchbrowser()[pri:0, instance:login_Module.Login_UI@5e2c3d18]" started-at="2024-04-02T12:22:44 IST" name="launchbrowser" finished-at="2024-04-02T12:22:51 IST" duration-ms="6069" status="PASS">
          <reporter-output>
          </reporter-output>
        </test-method> <!-- launchbrowser -->
        <test-method signature="checkmouseCursorOnUsername()[pri:3, instance:login_Module.Login_UI@5e2c3d18]" started-at="2024-04-02T12:22:51 IST" name="checkmouseCursorOnUsername" finished-at="2024-04-02T12:22:51 IST" duration-ms="330" status="PASS">
          <reporter-output>
          </reporter-output>
        </test-method> <!-- checkmouseCursorOnUsername -->
        <test-method is-config="true" signature="close(java.lang.reflect.Method,org.testng.ITestResult)[pri:0, instance:login_Module.Login_UI@5e2c3d18]" started-at="2024-04-02T12:22:51 IST" name="close" finished-at="2024-04-02T12:22:51 IST" duration-ms="163" status="PASS">
          <params>
            <param index="0">
              <value>
                <![CDATA[public void login_Module.Login_UI.checkmouseCursorOnUsername()]]>
              </value>
            </param>
            <param index="1">
              <value>
                <![CDATA[[TestResult name=checkmouseCursorOnUsername status=SUCCESS method=Login_UI.checkmouseCursorOnUsername()[pri:3, instance:login_Module.Login_UI@5e2c3d18] output={null}]]]>
              </value>
            </param>
          </params>
          <reporter-output>
          </reporter-output>
        </test-method> <!-- close -->
        <test-method is-config="true" signature="launchbrowser()[pri:0, instance:login_Module.Login_UI@5e2c3d18]" started-at="2024-04-02T12:22:51 IST" name="launchbrowser" finished-at="2024-04-02T12:22:57 IST" duration-ms="6285" status="PASS">
          <reporter-output>
          </reporter-output>
        </test-method> <!-- launchbrowser -->
        <test-method signature="TabFunctionalitytoLogin()[pri:4, instance:login_Module.Login_UI@5e2c3d18]" started-at="2024-04-02T12:22:57 IST" name="TabFunctionalitytoLogin" finished-at="2024-04-02T12:23:11 IST" duration-ms="13723" status="FAIL">
          <exception class="org.openqa.selenium.TimeoutException">
            <message>
              <![CDATA[Expected condition failed: waiting for visibility of [[ChromeDriver: chrome on windows (5f48c9d579a94a8f66d28bafb762da8c)] -> xpath: //div[@id='navbarSupportedContent']/app-navigation/ul[2]/li/a] (tried for 10 second(s) with 500 milliseconds interval)]]>
            </message>
            <full-stacktrace>
              <![CDATA[org.openqa.selenium.TimeoutException: Expected condition failed: waiting for visibility of [[ChromeDriver: chrome on windows (5f48c9d579a94a8f66d28bafb762da8c)] -> xpath: //div[@id='navbarSupportedContent']/app-navigation/ul[2]/li/a] (tried for 10 second(s) with 500 milliseconds interval)
at org.openqa.selenium.support.ui.WebDriverWait.timeoutException(WebDriverWait.java:84)
at org.openqa.selenium.support.ui.FluentWait.until(FluentWait.java:230)
at login_Module.Login_UI.TabFunctionalitytoLogin(Login_UI.java:67)
at java.base/jdk.internal.reflect.DirectMethodHandleAccessor.invoke(DirectMethodHandleAccessor.java:104)
at java.base/java.lang.reflect.Method.invoke(Method.java:577)
at org.testng.internal.invokers.MethodInvocationHelper.invokeMethod(MethodInvocationHelper.java:139)
at org.testng.internal.invokers.TestInvoker.invokeMethod(TestInvoker.java:664)
at org.testng.internal.invokers.TestInvoker.invokeTestMethod(TestInvoker.java:227)
at org.testng.internal.invokers.MethodRunner.runInSequence(MethodRunner.java:50)
at org.testng.internal.invokers.TestInvoker$MethodInvocationAgent.invoke(TestInvoker.java:957)
at org.testng.internal.invokers.TestInvoker.invokeTestMethods(TestInvoker.java:200)
at org.testng.internal.invokers.TestMethodWorker.invokeTestMethods(TestMethodWorker.java:148)
at org.testng.internal.invokers.TestMethodWorker.run(TestMethodWorker.java:128)
at java.base/java.util.ArrayList.forEach(ArrayList.java:1511)
at org.testng.TestRunner.privateRun(TestRunner.java:848)
at org.testng.TestRunner.run(TestRunner.java:621)
at org.testng.SuiteRunner.runTest(SuiteRunner.java:443)
at org.testng.SuiteRunner.runSequentially(SuiteRunner.java:437)
at org.testng.SuiteRunner.privateRun(SuiteRunner.java:397)
at org.testng.SuiteRunner.run(SuiteRunner.java:336)
at org.testng.SuiteRunnerWorker.runSuite(SuiteRunnerWorker.java:52)
at org.testng.SuiteRunnerWorker.run(SuiteRunnerWorker.java:95)
at org.testng.TestNG.runSuitesSequentially(TestNG.java:1280)
at org.testng.TestNG.runSuitesLocally(TestNG.java:1200)
at org.testng.TestNG.runSuites(TestNG.java:1114)
at org.testng.TestNG.run(TestNG.java:1082)
at org.apache.maven.surefire.testng.TestNGExecutor.run(TestNGExecutor.java:284)
at org.apache.maven.surefire.testng.TestNGXmlTestSuite.execute(TestNGXmlTestSuite.java:75)
at org.apache.maven.surefire.testng.TestNGProvider.invoke(TestNGProvider.java:119)
at org.apache.maven.surefire.booter.ForkedBooter.runSuitesInProcess(ForkedBooter.java:428)
at org.apache.maven.surefire.booter.ForkedBooter.execute(ForkedBooter.java:162)
at org.apache.maven.surefire.booter.ForkedBooter.run(ForkedBooter.java:562)
at org.apache.maven.surefire.booter.ForkedBooter.main(ForkedBooter.java:548)
Caused by: org.openqa.selenium.NoSuchElementException: no such element: Unable to locate element: {"method":"xpath","selector":"//div[@id='navbarSupportedContent']/app-navigation/ul[2]/li/a"}
  (Session info: chrome=123.0.6312.86)
For documentation on this error, please visit: https://www.selenium.dev/documentation/webdriver/troubleshooting/errors#no-such-element-exception
Build info: version: '4.11.0', revision: '040bc5406b'
System info: os.name: 'Windows 10', os.arch: 'amd64', os.version: '10.0', java.version: '18.0.2.1'
Driver info: org.openqa.selenium.chrome.ChromeDriver
Command: [5f48c9d579a94a8f66d28bafb762da8c, findElement {using=xpath, value=//div[@id='navbarSupportedContent']/app-navigation/ul[2]/li/a}]
Capabilities {acceptInsecureCerts: false, browserName: chrome, browserVersion: 123.0.6312.86, chrome: {chromedriverVersion: 123.0.6312.86 (9b72c47a0536..., userDataDir: C:\Users\ramkumar.k\AppData...}, fedcm:accounts: true, goog:chromeOptions: {debuggerAddress: localhost:61463}, networkConnectionEnabled: false, pageLoadStrategy: normal, platformName: windows, proxy: Proxy(), se:cdp: ws://localhost:61463/devtoo..., se:cdpVersion: 123.0.6312.86, setWindowRect: true, strictFileInteractability: false, timeouts: {implicit: 0, pageLoad: 300000, script: 30000}, unhandledPromptBehavior: dismiss and notify, webauthn:extension:credBlob: true, webauthn:extension:largeBlob: true, webauthn:extension:minPinLength: true, webauthn:extension:prf: true, webauthn:virtualAuthenticators: true}
Session ID: 5f48c9d579a94a8f66d28bafb762da8c
at java.base/jdk.internal.reflect.DirectConstructorHandleAccessor.newInstance(DirectConstructorHandleAccessor.java:67)
at java.base/java.lang.reflect.Constructor.newInstanceWithCaller(Constructor.java:499)
at java.base/java.lang.reflect.Constructor.newInstance(Constructor.java:483)
at org.openqa.selenium.remote.codec.w3c.W3CHttpResponseCodec.createException(W3CHttpResponseCodec.java:200)
at org.openqa.selenium.remote.codec.w3c.W3CHttpResponseCodec.decode(W3CHttpResponseCodec.java:133)
at org.openqa.selenium.remote.codec.w3c.W3CHttpResponseCodec.decode(W3CHttpResponseCodec.java:52)
at org.openqa.selenium.remote.HttpCommandExecutor.execute(HttpCommandExecutor.java:191)
at org.openqa.selenium.remote.service.DriverCommandExecutor.invokeExecute(DriverCommandExecutor.java:196)
at org.openqa.selenium.remote.service.DriverCommandExecutor.execute(DriverCommandExecutor.java:171)
at org.openqa.selenium.remote.RemoteWebDriver.execute(RemoteWebDriver.java:518)
at org.openqa.selenium.remote.ElementLocation$ElementFinder$2.findElement(ElementLocation.java:165)
at org.openqa.selenium.remote.ElementLocation.findElement(ElementLocation.java:59)
at org.openqa.selenium.remote.RemoteWebDriver.findElement(RemoteWebDriver.java:355)
at org.openqa.selenium.remote.RemoteWebDriver.findElement(RemoteWebDriver.java:349)
at org.openqa.selenium.support.pagefactory.DefaultElementLocator.findElement(DefaultElementLocator.java:68)
at org.openqa.selenium.support.pagefactory.internal.LocatingElementHandler.invoke(LocatingElementHandler.java:38)
at jdk.proxy2/jdk.proxy2.$Proxy27.isDisplayed(Unknown Source)
at org.openqa.selenium.support.ui.ExpectedConditions.elementIfVisible(ExpectedConditions.java:304)
at org.openqa.selenium.support.ui.ExpectedConditions.access$000(ExpectedConditions.java:37)
at org.openqa.selenium.support.ui.ExpectedConditions$10.apply(ExpectedConditions.java:290)
at org.openqa.selenium.support.ui.ExpectedConditions$10.apply(ExpectedConditions.java:287)
at org.openqa.selenium.support.ui.FluentWait.until(FluentWait.java:205)
... 31 more
]]>
            </full-stacktrace>
          </exception> <!-- org.openqa.selenium.TimeoutException -->
          <reporter-output>
          </reporter-output>
        </test-method> <!-- TabFunctionalitytoLogin -->
        <test-method is-config="true" signature="close(java.lang.reflect.Method,org.testng.ITestResult)[pri:0, instance:login_Module.Login_UI@5e2c3d18]" started-at="2024-04-02T12:23:12 IST" name="close" finished-at="2024-04-02T12:23:13 IST" duration-ms="1621" status="PASS">
          <params>
            <param index="0">
              <value>
                <![CDATA[public void login_Module.Login_UI.TabFunctionalitytoLogin() throws java.lang.Exception]]>
              </value>
            </param>
            <param index="1">
              <value>
                <![CDATA[[TestResult name=TabFunctionalitytoLogin status=FAILURE method=Login_UI.TabFunctionalitytoLogin()[pri:4, instance:login_Module.Login_UI@5e2c3d18] output={null}]]]>
              </value>
            </param>
          </params>
          <reporter-output>
          </reporter-output>
        </test-method> <!-- close -->
        <test-method is-config="true" signature="launchbrowser()[pri:0, instance:login_Module.Login_UI@5e2c3d18]" started-at="2024-04-02T12:23:13 IST" name="launchbrowser" finished-at="2024-04-02T12:23:22 IST" duration-ms="8781" status="PASS">
          <reporter-output>
          </reporter-output>
        </test-method> <!-- launchbrowser -->
        <test-method signature="loginValidUserName_Validpwd()[pri:5, instance:login_Module.Login_UI@5e2c3d18]" started-at="2024-04-02T12:23:22 IST" name="loginValidUserName_Validpwd" finished-at="2024-04-02T12:23:28 IST" duration-ms="6271" status="PASS">
          <reporter-output>
          </reporter-output>
        </test-method> <!-- loginValidUserName_Validpwd -->
        <test-method is-config="true" signature="close(java.lang.reflect.Method,org.testng.ITestResult)[pri:0, instance:login_Module.Login_UI@5e2c3d18]" started-at="2024-04-02T12:23:28 IST" name="close" finished-at="2024-04-02T12:23:29 IST" duration-ms="356" status="PASS">
          <params>
            <param index="0">
              <value>
                <![CDATA[public void login_Module.Login_UI.loginValidUserName_Validpwd()]]>
              </value>
            </param>
            <param index="1">
              <value>
                <![CDATA[[TestResult name=loginValidUserName_Validpwd status=SUCCESS method=Login_UI.loginValidUserName_Validpwd()[pri:5, instance:login_Module.Login_UI@5e2c3d18] output={null}]]]>
              </value>
            </param>
          </params>
          <reporter-output>
          </reporter-output>
        </test-method> <!-- close -->
        <test-method is-config="true" signature="launchbrowser()[pri:0, instance:login_Module.Login_UI@5e2c3d18]" started-at="2024-04-02T12:23:29 IST" name="launchbrowser" finished-at="2024-04-02T12:23:38 IST" duration-ms="9410" status="PASS">
          <reporter-output>
          </reporter-output>
        </test-method> <!-- launchbrowser -->
        <test-method signature="loginValidUserName_InValidPwd()[pri:6, instance:login_Module.Login_UI@5e2c3d18]" started-at="2024-04-02T12:23:38 IST" name="loginValidUserName_InValidPwd" finished-at="2024-04-02T12:23:39 IST" duration-ms="760" status="PASS">
          <reporter-output>
          </reporter-output>
        </test-method> <!-- loginValidUserName_InValidPwd -->
        <test-method is-config="true" signature="close(java.lang.reflect.Method,org.testng.ITestResult)[pri:0, instance:login_Module.Login_UI@5e2c3d18]" started-at="2024-04-02T12:23:39 IST" name="close" finished-at="2024-04-02T12:23:39 IST" duration-ms="263" status="PASS">
          <params>
            <param index="0">
              <value>
                <![CDATA[public void login_Module.Login_UI.loginValidUserName_InValidPwd()]]>
              </value>
            </param>
            <param index="1">
              <value>
                <![CDATA[[TestResult name=loginValidUserName_InValidPwd status=SUCCESS method=Login_UI.loginValidUserName_InValidPwd()[pri:6, instance:login_Module.Login_UI@5e2c3d18] output={null}]]]>
              </value>
            </param>
          </params>
          <reporter-output>
          </reporter-output>
        </test-method> <!-- close -->
        <test-method is-config="true" signature="launchbrowser()[pri:0, instance:login_Module.Login_UI@5e2c3d18]" started-at="2024-04-02T12:23:39 IST" name="launchbrowser" finished-at="2024-04-02T12:23:45 IST" duration-ms="5920" status="PASS">
          <reporter-output>
          </reporter-output>
        </test-method> <!-- launchbrowser -->
        <test-method signature="login_InvalidUserName_ValidPwd()[pri:7, instance:login_Module.Login_UI@5e2c3d18]" started-at="2024-04-02T12:23:45 IST" name="login_InvalidUserName_ValidPwd" finished-at="2024-04-02T12:23:47 IST" duration-ms="1599" status="PASS">
          <reporter-output>
          </reporter-output>
        </test-method> <!-- login_InvalidUserName_ValidPwd -->
        <test-method is-config="true" signature="close(java.lang.reflect.Method,org.testng.ITestResult)[pri:0, instance:login_Module.Login_UI@5e2c3d18]" started-at="2024-04-02T12:23:47 IST" name="close" finished-at="2024-04-02T12:23:47 IST" duration-ms="95" status="PASS">
          <params>
            <param index="0">
              <value>
                <![CDATA[public void login_Module.Login_UI.login_InvalidUserName_ValidPwd()]]>
              </value>
            </param>
            <param index="1">
              <value>
                <![CDATA[[TestResult name=login_InvalidUserName_ValidPwd status=SUCCESS method=Login_UI.login_InvalidUserName_ValidPwd()[pri:7, instance:login_Module.Login_UI@5e2c3d18] output={null}]]]>
              </value>
            </param>
          </params>
          <reporter-output>
          </reporter-output>
        </test-method> <!-- close -->
        <test-method is-config="true" signature="launchbrowser()[pri:0, instance:login_Module.Login_UI@5e2c3d18]" started-at="2024-04-02T12:23:47 IST" name="launchbrowser" finished-at="2024-04-02T12:23:52 IST" duration-ms="5585" status="PASS">
          <reporter-output>
          </reporter-output>
        </test-method> <!-- launchbrowser -->
        <test-method signature="login_InvalidUsername_InvalidPwd()[pri:8, instance:login_Module.Login_UI@5e2c3d18]" started-at="2024-04-02T12:23:52 IST" name="login_InvalidUsername_InvalidPwd" finished-at="2024-04-02T12:23:53 IST" duration-ms="752" status="PASS">
          <reporter-output>
          </reporter-output>
        </test-method> <!-- login_InvalidUsername_InvalidPwd -->
        <test-method is-config="true" signature="close(java.lang.reflect.Method,org.testng.ITestResult)[pri:0, instance:login_Module.Login_UI@5e2c3d18]" started-at="2024-04-02T12:23:53 IST" name="close" finished-at="2024-04-02T12:23:53 IST" duration-ms="139" status="PASS">
          <params>
            <param index="0">
              <value>
                <![CDATA[public void login_Module.Login_UI.login_InvalidUsername_InvalidPwd()]]>
              </value>
            </param>
            <param index="1">
              <value>
                <![CDATA[[TestResult name=login_InvalidUsername_InvalidPwd status=SUCCESS method=Login_UI.login_InvalidUsername_InvalidPwd()[pri:8, instance:login_Module.Login_UI@5e2c3d18] output={null}]]]>
              </value>
            </param>
          </params>
          <reporter-output>
          </reporter-output>
        </test-method> <!-- close -->
        <test-method is-config="true" signature="launchbrowser()[pri:0, instance:login_Module.Login_UI@5e2c3d18]" started-at="2024-04-02T12:23:53 IST" name="launchbrowser" finished-at="2024-04-02T12:23:59 IST" duration-ms="5481" status="PASS">
          <reporter-output>
          </reporter-output>
        </test-method> <!-- launchbrowser -->
        <test-method signature="login_Blankcreadites()[pri:9, instance:login_Module.Login_UI@5e2c3d18]" started-at="2024-04-02T12:23:59 IST" name="login_Blankcreadites" finished-at="2024-04-02T12:24:00 IST" duration-ms="829" status="PASS">
          <reporter-output>
          </reporter-output>
        </test-method> <!-- login_Blankcreadites -->
        <test-method is-config="true" signature="close(java.lang.reflect.Method,org.testng.ITestResult)[pri:0, instance:login_Module.Login_UI@5e2c3d18]" started-at="2024-04-02T12:24:00 IST" name="close" finished-at="2024-04-02T12:24:00 IST" duration-ms="599" status="PASS">
          <params>
            <param index="0">
              <value>
                <![CDATA[public void login_Module.Login_UI.login_Blankcreadites()]]>
              </value>
            </param>
            <param index="1">
              <value>
                <![CDATA[[TestResult name=login_Blankcreadites status=SUCCESS method=Login_UI.login_Blankcreadites()[pri:9, instance:login_Module.Login_UI@5e2c3d18] output={null}]]]>
              </value>
            </param>
          </params>
          <reporter-output>
          </reporter-output>
        </test-method> <!-- close -->
        <test-method is-config="true" signature="launchbrowser()[pri:0, instance:login_Module.Login_UI@5e2c3d18]" started-at="2024-04-02T12:24:00 IST" name="launchbrowser" finished-at="2024-04-02T12:24:06 IST" duration-ms="5818" status="PASS">
          <reporter-output>
          </reporter-output>
        </test-method> <!-- launchbrowser -->
        <test-method signature="BrowserBack()[pri:10, instance:login_Module.Login_UI@5e2c3d18]" started-at="2024-04-02T12:24:06 IST" name="BrowserBack" finished-at="2024-04-02T12:24:18 IST" duration-ms="11936" status="PASS">
          <reporter-output>
          </reporter-output>
        </test-method> <!-- BrowserBack -->
        <test-method is-config="true" signature="close(java.lang.reflect.Method,org.testng.ITestResult)[pri:0, instance:login_Module.Login_UI@5e2c3d18]" started-at="2024-04-02T12:24:18 IST" name="close" finished-at="2024-04-02T12:24:18 IST" duration-ms="229" status="PASS">
          <params>
            <param index="0">
              <value>
                <![CDATA[public void login_Module.Login_UI.BrowserBack()]]>
              </value>
            </param>
            <param index="1">
              <value>
                <![CDATA[[TestResult name=BrowserBack status=SUCCESS method=Login_UI.BrowserBack()[pri:10, instance:login_Module.Login_UI@5e2c3d18] output={null}]]]>
              </value>
            </param>
          </params>
          <reporter-output>
          </reporter-output>
        </test-method> <!-- close -->
        <test-method is-config="true" signature="launchbrowser()[pri:0, instance:login_Module.Login_UI@5e2c3d18]" started-at="2024-04-02T12:24:18 IST" name="launchbrowser" finished-at="2024-04-02T12:24:25 IST" duration-ms="6712" status="PASS">
          <reporter-output>
          </reporter-output>
        </test-method> <!-- launchbrowser -->
        <test-method signature="LogoutBrowserback()[pri:11, instance:login_Module.Login_UI@5e2c3d18]" started-at="2024-04-02T12:24:25 IST" name="LogoutBrowserback" finished-at="2024-04-02T12:25:02 IST" duration-ms="36639" status="PASS">
          <reporter-output>
          </reporter-output>
        </test-method> <!-- LogoutBrowserback -->
        <test-method is-config="true" signature="close(java.lang.reflect.Method,org.testng.ITestResult)[pri:0, instance:login_Module.Login_UI@5e2c3d18]" started-at="2024-04-02T12:25:02 IST" name="close" finished-at="2024-04-02T12:25:02 IST" duration-ms="21" status="PASS">
          <params>
            <param index="0">
              <value>
                <![CDATA[public void login_Module.Login_UI.LogoutBrowserback() throws java.lang.InterruptedException]]>
              </value>
            </param>
            <param index="1">
              <value>
                <![CDATA[[TestResult name=LogoutBrowserback status=SUCCESS method=Login_UI.LogoutBrowserback()[pri:11, instance:login_Module.Login_UI@5e2c3d18] output={null}]]]>
              </value>
            </param>
          </params>
          <reporter-output>
          </reporter-output>
        </test-method> <!-- close -->
        <test-method is-config="true" signature="launchbrowser()[pri:0, instance:login_Module.Login_UI@5e2c3d18]" started-at="2024-04-02T12:25:02 IST" name="launchbrowser" finished-at="2024-04-02T12:25:10 IST" duration-ms="8005" status="PASS">
          <reporter-output>
          </reporter-output>
        </test-method> <!-- launchbrowser -->
        <test-method signature="logincheckafterclosethe_Browser()[pri:12, instance:login_Module.Login_UI@5e2c3d18]" started-at="2024-04-02T12:25:10 IST" name="logincheckafterclosethe_Browser" finished-at="2024-04-02T12:25:30 IST" duration-ms="20486" status="FAIL">
          <exception class="org.openqa.selenium.NoSuchSessionException">
            <message>
              <![CDATA[invalid session id
Build info: version: '4.11.0', revision: '040bc5406b'
System info: os.name: 'Windows 10', os.arch: 'amd64', os.version: '10.0', java.version: '18.0.2.1'
Driver info: org.openqa.selenium.chrome.ChromeDriver
Command: [9078db3238afb6dfc86bf3bd2c55015e, findElement {using=xpath, value=//a[@class='dropdown-toggle nav-link text-muted waves-effect waves-dark pro-pic img-line-height']}]
Capabilities {acceptInsecureCerts: false, browserName: chrome, browserVersion: 123.0.6312.86, chrome: {chromedriverVersion: 123.0.6312.86 (9b72c47a0536..., userDataDir: C:\Users\ramkumar.k\AppData...}, fedcm:accounts: true, goog:chromeOptions: {debuggerAddress: localhost:61893}, networkConnectionEnabled: false, pageLoadStrategy: normal, platformName: windows, proxy: Proxy(), se:cdp: ws://localhost:61893/devtoo..., se:cdpVersion: 123.0.6312.86, setWindowRect: true, strictFileInteractability: false, timeouts: {implicit: 0, pageLoad: 300000, script: 30000}, unhandledPromptBehavior: dismiss and notify, webauthn:extension:credBlob: true, webauthn:extension:largeBlob: true, webauthn:extension:minPinLength: true, webauthn:extension:prf: true, webauthn:virtualAuthenticators: true}
Session ID: 9078db3238afb6dfc86bf3bd2c55015e]]>
            </message>
            <full-stacktrace>
              <![CDATA[org.openqa.selenium.NoSuchSessionException: invalid session id
Build info: version: '4.11.0', revision: '040bc5406b'
System info: os.name: 'Windows 10', os.arch: 'amd64', os.version: '10.0', java.version: '18.0.2.1'
Driver info: org.openqa.selenium.chrome.ChromeDriver
Command: [9078db3238afb6dfc86bf3bd2c55015e, findElement {using=xpath, value=//a[@class='dropdown-toggle nav-link text-muted waves-effect waves-dark pro-pic img-line-height']}]
Capabilities {acceptInsecureCerts: false, browserName: chrome, browserVersion: 123.0.6312.86, chrome: {chromedriverVersion: 123.0.6312.86 (9b72c47a0536..., userDataDir: C:\Users\ramkumar.k\AppData...}, fedcm:accounts: true, goog:chromeOptions: {debuggerAddress: localhost:61893}, networkConnectionEnabled: false, pageLoadStrategy: normal, platformName: windows, proxy: Proxy(), se:cdp: ws://localhost:61893/devtoo..., se:cdpVersion: 123.0.6312.86, setWindowRect: true, strictFileInteractability: false, timeouts: {implicit: 0, pageLoad: 300000, script: 30000}, unhandledPromptBehavior: dismiss and notify, webauthn:extension:credBlob: true, webauthn:extension:largeBlob: true, webauthn:extension:minPinLength: true, webauthn:extension:prf: true, webauthn:virtualAuthenticators: true}
Session ID: 9078db3238afb6dfc86bf3bd2c55015e
at java.base/jdk.internal.reflect.DirectConstructorHandleAccessor.newInstance(DirectConstructorHandleAccessor.java:67)
at java.base/java.lang.reflect.Constructor.newInstanceWithCaller(Constructor.java:499)
at java.base/java.lang.reflect.Constructor.newInstance(Constructor.java:483)
at org.openqa.selenium.remote.codec.w3c.W3CHttpResponseCodec.createException(W3CHttpResponseCodec.java:200)
at org.openqa.selenium.remote.codec.w3c.W3CHttpResponseCodec.decode(W3CHttpResponseCodec.java:133)
at org.openqa.selenium.remote.codec.w3c.W3CHttpResponseCodec.decode(W3CHttpResponseCodec.java:52)
at org.openqa.selenium.remote.HttpCommandExecutor.execute(HttpCommandExecutor.java:191)
at org.openqa.selenium.remote.service.DriverCommandExecutor.invokeExecute(DriverCommandExecutor.java:196)
at org.openqa.selenium.remote.service.DriverCommandExecutor.execute(DriverCommandExecutor.java:171)
at org.openqa.selenium.remote.RemoteWebDriver.execute(RemoteWebDriver.java:518)
at org.openqa.selenium.remote.ElementLocation$ElementFinder$2.findElement(ElementLocation.java:165)
at org.openqa.selenium.remote.ElementLocation.findElement(ElementLocation.java:59)
at org.openqa.selenium.remote.RemoteWebDriver.findElement(RemoteWebDriver.java:355)
at org.openqa.selenium.remote.RemoteWebDriver.findElement(RemoteWebDriver.java:349)
at org.openqa.selenium.support.pagefactory.DefaultElementLocator.findElement(DefaultElementLocator.java:68)
at org.openqa.selenium.support.pagefactory.internal.LocatingElementHandler.invoke(LocatingElementHandler.java:38)
at jdk.proxy2/jdk.proxy2.$Proxy27.isDisplayed(Unknown Source)
at org.openqa.selenium.support.ui.ExpectedConditions.elementIfVisible(ExpectedConditions.java:304)
at org.openqa.selenium.support.ui.ExpectedConditions.access$000(ExpectedConditions.java:37)
at org.openqa.selenium.support.ui.ExpectedConditions$10.apply(ExpectedConditions.java:290)
at org.openqa.selenium.support.ui.ExpectedConditions$10.apply(ExpectedConditions.java:287)
at org.openqa.selenium.support.ui.FluentWait.until(FluentWait.java:205)
at login_Module.Login_UI.logincheckafterclosethe_Browser(Login_UI.java:250)
at java.base/jdk.internal.reflect.DirectMethodHandleAccessor.invoke(DirectMethodHandleAccessor.java:104)
at java.base/java.lang.reflect.Method.invoke(Method.java:577)
at org.testng.internal.invokers.MethodInvocationHelper.invokeMethod(MethodInvocationHelper.java:139)
at org.testng.internal.invokers.TestInvoker.invokeMethod(TestInvoker.java:664)
at org.testng.internal.invokers.TestInvoker.invokeTestMethod(TestInvoker.java:227)
at org.testng.internal.invokers.MethodRunner.runInSequence(MethodRunner.java:50)
at org.testng.internal.invokers.TestInvoker$MethodInvocationAgent.invoke(TestInvoker.java:957)
at org.testng.internal.invokers.TestInvoker.invokeTestMethods(TestInvoker.java:200)
at org.testng.internal.invokers.TestMethodWorker.invokeTestMethods(TestMethodWorker.java:148)
at org.testng.internal.invokers.TestMethodWorker.run(TestMethodWorker.java:128)
at java.base/java.util.ArrayList.forEach(ArrayList.java:1511)
at org.testng.TestRunner.privateRun(TestRunner.java:848)
at org.testng.TestRunner.run(TestRunner.java:621)
at org.testng.SuiteRunner.runTest(SuiteRunner.java:443)
at org.testng.SuiteRunner.runSequentially(SuiteRunner.java:437)
at org.testng.SuiteRunner.privateRun(SuiteRunner.java:397)
at org.testng.SuiteRunner.run(SuiteRunner.java:336)
at org.testng.SuiteRunnerWorker.runSuite(SuiteRunnerWorker.java:52)
at org.testng.SuiteRunnerWorker.run(SuiteRunnerWorker.java:95)
at org.testng.TestNG.runSuitesSequentially(TestNG.java:1280)
at org.testng.TestNG.runSuitesLocally(TestNG.java:1200)
at org.testng.TestNG.runSuites(TestNG.java:1114)
at org.testng.TestNG.run(TestNG.java:1082)
at org.apache.maven.surefire.testng.TestNGExecutor.run(TestNGExecutor.java:284)
at org.apache.maven.surefire.testng.TestNGXmlTestSuite.execute(TestNGXmlTestSuite.java:75)
at org.apache.maven.surefire.testng.TestNGProvider.invoke(TestNGProvider.java:119)
at org.apache.maven.surefire.booter.ForkedBooter.runSuitesInProcess(ForkedBooter.java:428)
at org.apache.maven.surefire.booter.ForkedBooter.execute(ForkedBooter.java:162)
at org.apache.maven.surefire.booter.ForkedBooter.run(ForkedBooter.java:562)
at org.apache.maven.surefire.booter.ForkedBooter.main(ForkedBooter.java:548)
]]>
            </full-stacktrace>
          </exception> <!-- org.openqa.selenium.NoSuchSessionException -->
          <reporter-output>
          </reporter-output>
        </test-method> <!-- logincheckafterclosethe_Browser -->
        <test-method is-config="true" signature="close(java.lang.reflect.Method,org.testng.ITestResult)[pri:0, instance:login_Module.Login_UI@5e2c3d18]" started-at="2024-04-02T12:25:30 IST" name="close" finished-at="2024-04-02T12:25:31 IST" duration-ms="307" status="PASS">
          <params>
            <param index="0">
              <value>
                <![CDATA[public void login_Module.Login_UI.logincheckafterclosethe_Browser() throws java.lang.InterruptedException]]>
              </value>
            </param>
            <param index="1">
              <value>
                <![CDATA[[TestResult name=logincheckafterclosethe_Browser status=FAILURE method=Login_UI.logincheckafterclosethe_Browser()[pri:12, instance:login_Module.Login_UI@5e2c3d18] output={null}]]]>
              </value>
            </param>
          </params>
          <reporter-output>
          </reporter-output>
        </test-method> <!-- close -->
        <test-method is-config="true" signature="launchbrowser()[pri:0, instance:login_Module.Login_UI@5e2c3d18]" started-at="2024-04-02T12:25:31 IST" name="launchbrowser" finished-at="2024-04-02T12:25:37 IST" duration-ms="6127" status="PASS">
          <reporter-output>
          </reporter-output>
        </test-method> <!-- launchbrowser -->
        <test-method signature="NoFarms_User()[pri:13, instance:login_Module.Login_UI@5e2c3d18]" started-at="2024-04-02T12:25:37 IST" name="NoFarms_User" finished-at="2024-04-02T12:25:48 IST" duration-ms="10757" status="FAIL">
          <exception class="org.openqa.selenium.NoSuchElementException">
            <message>
              <![CDATA[no such element: Unable to locate element: {"method":"xpath","selector":"//div[@id='navbarSupportedContent']/app-navigation/ul[2]/li/a"}
  (Session info: chrome=123.0.6312.86)
For documentation on this error, please visit: https://www.selenium.dev/documentation/webdriver/troubleshooting/errors#no-such-element-exception
Build info: version: '4.11.0', revision: '040bc5406b'
System info: os.name: 'Windows 10', os.arch: 'amd64', os.version: '10.0', java.version: '18.0.2.1'
Driver info: org.openqa.selenium.chrome.ChromeDriver
Command: [3a24f5d0278969c4f4ae7a9d9c6e4304, findElement {using=xpath, value=//div[@id='navbarSupportedContent']/app-navigation/ul[2]/li/a}]
Capabilities {acceptInsecureCerts: false, browserName: chrome, browserVersion: 123.0.6312.86, chrome: {chromedriverVersion: 123.0.6312.86 (9b72c47a0536..., userDataDir: C:\Users\ramkumar.k\AppData...}, fedcm:accounts: true, goog:chromeOptions: {debuggerAddress: localhost:61967}, networkConnectionEnabled: false, pageLoadStrategy: normal, platformName: windows, proxy: Proxy(), se:cdp: ws://localhost:61967/devtoo..., se:cdpVersion: 123.0.6312.86, setWindowRect: true, strictFileInteractability: false, timeouts: {implicit: 0, pageLoad: 300000, script: 30000}, unhandledPromptBehavior: dismiss and notify, webauthn:extension:credBlob: true, webauthn:extension:largeBlob: true, webauthn:extension:minPinLength: true, webauthn:extension:prf: true, webauthn:virtualAuthenticators: true}
Session ID: 3a24f5d0278969c4f4ae7a9d9c6e4304]]>
            </message>
            <full-stacktrace>
              <![CDATA[org.openqa.selenium.NoSuchElementException: no such element: Unable to locate element: {"method":"xpath","selector":"//div[@id='navbarSupportedContent']/app-navigation/ul[2]/li/a"}
  (Session info: chrome=123.0.6312.86)
For documentation on this error, please visit: https://www.selenium.dev/documentation/webdriver/troubleshooting/errors#no-such-element-exception
Build info: version: '4.11.0', revision: '040bc5406b'
System info: os.name: 'Windows 10', os.arch: 'amd64', os.version: '10.0', java.version: '18.0.2.1'
Driver info: org.openqa.selenium.chrome.ChromeDriver
Command: [3a24f5d0278969c4f4ae7a9d9c6e4304, findElement {using=xpath, value=//div[@id='navbarSupportedContent']/app-navigation/ul[2]/li/a}]
Capabilities {acceptInsecureCerts: false, browserName: chrome, browserVersion: 123.0.6312.86, chrome: {chromedriverVersion: 123.0.6312.86 (9b72c47a0536..., userDataDir: C:\Users\ramkumar.k\AppData...}, fedcm:accounts: true, goog:chromeOptions: {debuggerAddress: localhost:61967}, networkConnectionEnabled: false, pageLoadStrategy: normal, platformName: windows, proxy: Proxy(), se:cdp: ws://localhost:61967/devtoo..., se:cdpVersion: 123.0.6312.86, setWindowRect: true, strictFileInteractability: false, timeouts: {implicit: 0, pageLoad: 300000, script: 30000}, unhandledPromptBehavior: dismiss and notify, webauthn:extension:credBlob: true, webauthn:extension:largeBlob: true, webauthn:extension:minPinLength: true, webauthn:extension:prf: true, webauthn:virtualAuthenticators: true}
Session ID: 3a24f5d0278969c4f4ae7a9d9c6e4304
at java.base/jdk.internal.reflect.DirectConstructorHandleAccessor.newInstance(DirectConstructorHandleAccessor.java:67)
at java.base/java.lang.reflect.Constructor.newInstanceWithCaller(Constructor.java:499)
at java.base/java.lang.reflect.Constructor.newInstance(Constructor.java:483)
at org.openqa.selenium.remote.codec.w3c.W3CHttpResponseCodec.createException(W3CHttpResponseCodec.java:200)
at org.openqa.selenium.remote.codec.w3c.W3CHttpResponseCodec.decode(W3CHttpResponseCodec.java:133)
at org.openqa.selenium.remote.codec.w3c.W3CHttpResponseCodec.decode(W3CHttpResponseCodec.java:52)
at org.openqa.selenium.remote.HttpCommandExecutor.execute(HttpCommandExecutor.java:191)
at org.openqa.selenium.remote.service.DriverCommandExecutor.invokeExecute(DriverCommandExecutor.java:196)
at org.openqa.selenium.remote.service.DriverCommandExecutor.execute(DriverCommandExecutor.java:171)
at org.openqa.selenium.remote.RemoteWebDriver.execute(RemoteWebDriver.java:518)
at org.openqa.selenium.remote.ElementLocation$ElementFinder$2.findElement(ElementLocation.java:165)
at org.openqa.selenium.remote.ElementLocation.findElement(ElementLocation.java:59)
at org.openqa.selenium.remote.RemoteWebDriver.findElement(RemoteWebDriver.java:355)
at org.openqa.selenium.remote.RemoteWebDriver.findElement(RemoteWebDriver.java:349)
at login_Module.Login_UI.NoFarms_User(Login_UI.java:268)
at java.base/jdk.internal.reflect.DirectMethodHandleAccessor.invoke(DirectMethodHandleAccessor.java:104)
at java.base/java.lang.reflect.Method.invoke(Method.java:577)
at org.testng.internal.invokers.MethodInvocationHelper.invokeMethod(MethodInvocationHelper.java:139)
at org.testng.internal.invokers.TestInvoker.invokeMethod(TestInvoker.java:664)
at org.testng.internal.invokers.TestInvoker.invokeTestMethod(TestInvoker.java:227)
at org.testng.internal.invokers.MethodRunner.runInSequence(MethodRunner.java:50)
at org.testng.internal.invokers.TestInvoker$MethodInvocationAgent.invoke(TestInvoker.java:957)
at org.testng.internal.invokers.TestInvoker.invokeTestMethods(TestInvoker.java:200)
at org.testng.internal.invokers.TestMethodWorker.invokeTestMethods(TestMethodWorker.java:148)
at org.testng.internal.invokers.TestMethodWorker.run(TestMethodWorker.java:128)
at java.base/java.util.ArrayList.forEach(ArrayList.java:1511)
at org.testng.TestRunner.privateRun(TestRunner.java:848)
at org.testng.TestRunner.run(TestRunner.java:621)
at org.testng.SuiteRunner.runTest(SuiteRunner.java:443)
at org.testng.SuiteRunner.runSequentially(SuiteRunner.java:437)
at org.testng.SuiteRunner.privateRun(SuiteRunner.java:397)
at org.testng.SuiteRunner.run(SuiteRunner.java:336)
at org.testng.SuiteRunnerWorker.runSuite(SuiteRunnerWorker.java:52)
at org.testng.SuiteRunnerWorker.run(SuiteRunnerWorker.java:95)
at org.testng.TestNG.runSuitesSequentially(TestNG.java:1280)
at org.testng.TestNG.runSuitesLocally(TestNG.java:1200)
at org.testng.TestNG.runSuites(TestNG.java:1114)
at org.testng.TestNG.run(TestNG.java:1082)
at org.apache.maven.surefire.testng.TestNGExecutor.run(TestNGExecutor.java:284)
at org.apache.maven.surefire.testng.TestNGXmlTestSuite.execute(TestNGXmlTestSuite.java:75)
at org.apache.maven.surefire.testng.TestNGProvider.invoke(TestNGProvider.java:119)
at org.apache.maven.surefire.booter.ForkedBooter.runSuitesInProcess(ForkedBooter.java:428)
at org.apache.maven.surefire.booter.ForkedBooter.execute(ForkedBooter.java:162)
at org.apache.maven.surefire.booter.ForkedBooter.run(ForkedBooter.java:562)
at org.apache.maven.surefire.booter.ForkedBooter.main(ForkedBooter.java:548)
]]>
            </full-stacktrace>
          </exception> <!-- org.openqa.selenium.NoSuchElementException -->
          <reporter-output>
          </reporter-output>
        </test-method> <!-- NoFarms_User -->
        <test-method is-config="true" signature="close(java.lang.reflect.Method,org.testng.ITestResult)[pri:0, instance:login_Module.Login_UI@5e2c3d18]" started-at="2024-04-02T12:25:48 IST" name="close" finished-at="2024-04-02T12:25:49 IST" duration-ms="1063" status="PASS">
          <params>
            <param index="0">
              <value>
                <![CDATA[public void login_Module.Login_UI.NoFarms_User()]]>
              </value>
            </param>
            <param index="1">
              <value>
                <![CDATA[[TestResult name=NoFarms_User status=FAILURE method=Login_UI.NoFarms_User()[pri:13, instance:login_Module.Login_UI@5e2c3d18] output={null}]]]>
              </value>
            </param>
          </params>
          <reporter-output>
          </reporter-output>
        </test-method> <!-- close -->
        <test-method is-config="true" signature="launchbrowser()[pri:0, instance:login_Module.Login_UI@5e2c3d18]" started-at="2024-04-02T12:25:49 IST" name="launchbrowser" finished-at="2024-04-02T12:25:56 IST" duration-ms="6573" status="PASS">
          <reporter-output>
          </reporter-output>
        </test-method> <!-- launchbrowser -->
        <test-method signature="Farmhave_user()[pri:14, instance:login_Module.Login_UI@5e2c3d18]" started-at="2024-04-02T12:25:56 IST" name="Farmhave_user" finished-at="2024-04-02T12:26:06 IST" duration-ms="10830" status="FAIL">
          <exception class="org.openqa.selenium.NoSuchElementException">
            <message>
              <![CDATA[no such element: Unable to locate element: {"method":"xpath","selector":"//div[@id='navbarSupportedContent']/app-navigation/ul[2]/li/a"}
  (Session info: chrome=123.0.6312.86)
For documentation on this error, please visit: https://www.selenium.dev/documentation/webdriver/troubleshooting/errors#no-such-element-exception
Build info: version: '4.11.0', revision: '040bc5406b'
System info: os.name: 'Windows 10', os.arch: 'amd64', os.version: '10.0', java.version: '18.0.2.1'
Driver info: org.openqa.selenium.chrome.ChromeDriver
Command: [c97083cb25d6398ea27c6d72c5b2663a, findElement {using=xpath, value=//div[@id='navbarSupportedContent']/app-navigation/ul[2]/li/a}]
Capabilities {acceptInsecureCerts: false, browserName: chrome, browserVersion: 123.0.6312.86, chrome: {chromedriverVersion: 123.0.6312.86 (9b72c47a0536..., userDataDir: C:\Users\ramkumar.k\AppData...}, fedcm:accounts: true, goog:chromeOptions: {debuggerAddress: localhost:61999}, networkConnectionEnabled: false, pageLoadStrategy: normal, platformName: windows, proxy: Proxy(), se:cdp: ws://localhost:61999/devtoo..., se:cdpVersion: 123.0.6312.86, setWindowRect: true, strictFileInteractability: false, timeouts: {implicit: 0, pageLoad: 300000, script: 30000}, unhandledPromptBehavior: dismiss and notify, webauthn:extension:credBlob: true, webauthn:extension:largeBlob: true, webauthn:extension:minPinLength: true, webauthn:extension:prf: true, webauthn:virtualAuthenticators: true}
Session ID: c97083cb25d6398ea27c6d72c5b2663a]]>
            </message>
            <full-stacktrace>
              <![CDATA[org.openqa.selenium.NoSuchElementException: no such element: Unable to locate element: {"method":"xpath","selector":"//div[@id='navbarSupportedContent']/app-navigation/ul[2]/li/a"}
  (Session info: chrome=123.0.6312.86)
For documentation on this error, please visit: https://www.selenium.dev/documentation/webdriver/troubleshooting/errors#no-such-element-exception
Build info: version: '4.11.0', revision: '040bc5406b'
System info: os.name: 'Windows 10', os.arch: 'amd64', os.version: '10.0', java.version: '18.0.2.1'
Driver info: org.openqa.selenium.chrome.ChromeDriver
Command: [c97083cb25d6398ea27c6d72c5b2663a, findElement {using=xpath, value=//div[@id='navbarSupportedContent']/app-navigation/ul[2]/li/a}]
Capabilities {acceptInsecureCerts: false, browserName: chrome, browserVersion: 123.0.6312.86, chrome: {chromedriverVersion: 123.0.6312.86 (9b72c47a0536..., userDataDir: C:\Users\ramkumar.k\AppData...}, fedcm:accounts: true, goog:chromeOptions: {debuggerAddress: localhost:61999}, networkConnectionEnabled: false, pageLoadStrategy: normal, platformName: windows, proxy: Proxy(), se:cdp: ws://localhost:61999/devtoo..., se:cdpVersion: 123.0.6312.86, setWindowRect: true, strictFileInteractability: false, timeouts: {implicit: 0, pageLoad: 300000, script: 30000}, unhandledPromptBehavior: dismiss and notify, webauthn:extension:credBlob: true, webauthn:extension:largeBlob: true, webauthn:extension:minPinLength: true, webauthn:extension:prf: true, webauthn:virtualAuthenticators: true}
Session ID: c97083cb25d6398ea27c6d72c5b2663a
at java.base/jdk.internal.reflect.DirectConstructorHandleAccessor.newInstance(DirectConstructorHandleAccessor.java:67)
at java.base/java.lang.reflect.Constructor.newInstanceWithCaller(Constructor.java:499)
at java.base/java.lang.reflect.Constructor.newInstance(Constructor.java:483)
at org.openqa.selenium.remote.codec.w3c.W3CHttpResponseCodec.createException(W3CHttpResponseCodec.java:200)
at org.openqa.selenium.remote.codec.w3c.W3CHttpResponseCodec.decode(W3CHttpResponseCodec.java:133)
at org.openqa.selenium.remote.codec.w3c.W3CHttpResponseCodec.decode(W3CHttpResponseCodec.java:52)
at org.openqa.selenium.remote.HttpCommandExecutor.execute(HttpCommandExecutor.java:191)
at org.openqa.selenium.remote.service.DriverCommandExecutor.invokeExecute(DriverCommandExecutor.java:196)
at org.openqa.selenium.remote.service.DriverCommandExecutor.execute(DriverCommandExecutor.java:171)
at org.openqa.selenium.remote.RemoteWebDriver.execute(RemoteWebDriver.java:518)
at org.openqa.selenium.remote.ElementLocation$ElementFinder$2.findElement(ElementLocation.java:165)
at org.openqa.selenium.remote.ElementLocation.findElement(ElementLocation.java:59)
at org.openqa.selenium.remote.RemoteWebDriver.findElement(RemoteWebDriver.java:355)
at org.openqa.selenium.remote.RemoteWebDriver.findElement(RemoteWebDriver.java:349)
at login_Module.Login_UI.Farmhave_user(Login_UI.java:285)
at java.base/jdk.internal.reflect.DirectMethodHandleAccessor.invoke(DirectMethodHandleAccessor.java:104)
at java.base/java.lang.reflect.Method.invoke(Method.java:577)
at org.testng.internal.invokers.MethodInvocationHelper.invokeMethod(MethodInvocationHelper.java:139)
at org.testng.internal.invokers.TestInvoker.invokeMethod(TestInvoker.java:664)
at org.testng.internal.invokers.TestInvoker.invokeTestMethod(TestInvoker.java:227)
at org.testng.internal.invokers.MethodRunner.runInSequence(MethodRunner.java:50)
at org.testng.internal.invokers.TestInvoker$MethodInvocationAgent.invoke(TestInvoker.java:957)
at org.testng.internal.invokers.TestInvoker.invokeTestMethods(TestInvoker.java:200)
at org.testng.internal.invokers.TestMethodWorker.invokeTestMethods(TestMethodWorker.java:148)
at org.testng.internal.invokers.TestMethodWorker.run(TestMethodWorker.java:128)
at java.base/java.util.ArrayList.forEach(ArrayList.java:1511)
at org.testng.TestRunner.privateRun(TestRunner.java:848)
at org.testng.TestRunner.run(TestRunner.java:621)
at org.testng.SuiteRunner.runTest(SuiteRunner.java:443)
at org.testng.SuiteRunner.runSequentially(SuiteRunner.java:437)
at org.testng.SuiteRunner.privateRun(SuiteRunner.java:397)
at org.testng.SuiteRunner.run(SuiteRunner.java:336)
at org.testng.SuiteRunnerWorker.runSuite(SuiteRunnerWorker.java:52)
at org.testng.SuiteRunnerWorker.run(SuiteRunnerWorker.java:95)
at org.testng.TestNG.runSuitesSequentially(TestNG.java:1280)
at org.testng.TestNG.runSuitesLocally(TestNG.java:1200)
at org.testng.TestNG.runSuites(TestNG.java:1114)
at org.testng.TestNG.run(TestNG.java:1082)
at org.apache.maven.surefire.testng.TestNGExecutor.run(TestNGExecutor.java:284)
at org.apache.maven.surefire.testng.TestNGXmlTestSuite.execute(TestNGXmlTestSuite.java:75)
at org.apache.maven.surefire.testng.TestNGProvider.invoke(TestNGProvider.java:119)
at org.apache.maven.surefire.booter.ForkedBooter.runSuitesInProcess(ForkedBooter.java:428)
at org.apache.maven.surefire.booter.ForkedBooter.execute(ForkedBooter.java:162)
at org.apache.maven.surefire.booter.ForkedBooter.run(ForkedBooter.java:562)
at org.apache.maven.surefire.booter.ForkedBooter.main(ForkedBooter.java:548)
]]>
            </full-stacktrace>
          </exception> <!-- org.openqa.selenium.NoSuchElementException -->
          <reporter-output>
          </reporter-output>
        </test-method> <!-- Farmhave_user -->
        <test-method is-config="true" signature="close(java.lang.reflect.Method,org.testng.ITestResult)[pri:0, instance:login_Module.Login_UI@5e2c3d18]" started-at="2024-04-02T12:26:07 IST" name="close" finished-at="2024-04-02T12:26:07 IST" duration-ms="554" status="PASS">
          <params>
            <param index="0">
              <value>
                <![CDATA[public void login_Module.Login_UI.Farmhave_user()]]>
              </value>
            </param>
            <param index="1">
              <value>
                <![CDATA[[TestResult name=Farmhave_user status=FAILURE method=Login_UI.Farmhave_user()[pri:14, instance:login_Module.Login_UI@5e2c3d18] output={null}]]]>
              </value>
            </param>
          </params>
          <reporter-output>
          </reporter-output>
        </test-method> <!-- close -->
        <test-method is-config="true" signature="qiut()[pri:0, instance:login_Module.Login_UI@5e2c3d18]" started-at="2024-04-02T12:26:07 IST" name="qiut" finished-at="2024-04-02T12:26:07 IST" duration-ms="0" status="PASS">
          <reporter-output>
          </reporter-output>
        </test-method> <!-- qiut -->
        <test-method is-config="true" signature="GenerateExtentReports()[pri:0, instance:login_Module.Login_UI@5e2c3d18]" started-at="2024-04-02T12:26:07 IST" name="GenerateExtentReports" finished-at="2024-04-02T12:26:09 IST" duration-ms="1625" status="PASS">
          <reporter-output>
          </reporter-output>
        </test-method> <!-- GenerateExtentReports -->
      </class> <!-- login_Module.Login_UI -->
    </test> <!-- LoginTest -->
  </suite> <!-- Suite -->
</testng-results>
